(base) [01;32mliulei@inspur-NF5468M5[00m:[01;34m/data5/SCI/xieweijie/CASSI/version2_debug[00m$ conda activate zwj
(/data5/SCI/zhangwenjie/zwj) [01;32mliulei@inspur-NF5468M5[00m:[01;34m/data5/SCI/xieweijie/CASSI/version2_debug[00m$ python train.py
训练集路径: /data5/SCI/xieweijie/CASSI/dataset/CAVE_1024_npy
starting at: Mon May 25 15:42:30 2026
[dataset] JSON 已存在，跳过扫描: CAVE_1024_npy_info.json / CAVE_1024_npy_bands.json
Loading: scene1.npy
Loading: scene2.npy
Loading: scene3.npy
Loading: scene4.npy
Loading: scene5.npy
Loading: scene6.npy
Loading: scene7.npy
Loading: scene8.npy
Loading: scene9.npy
Loading: scene10.npy
Loading: scene11.npy
Loading: scene12.npy
Loading: scene13.npy
Loading: scene14.npy
Loading: scene15.npy
Loading: scene16.npy
Loading: scene17.npy
Loading: scene18.npy
Loading: scene19.npy
Loading: scene20.npy
Loading: scene21.npy
Loading: scene22.npy
Loading: scene23.npy
Loading: scene24.npy
Loading: scene25.npy
Loading: scene26.npy
Loading: scene27.npy
Loading: scene28.npy
Loading: scene29.npy
Loading: scene30.npy
Loading: scene31.npy
Loading: scene32.npy
Loading: scene33.npy
Loading: scene34.npy
Loading: scene35.npy
Loading: scene36.npy
Loading: scene37.npy
Loading: scene38.npy
Loading: scene39.npy
Loading: scene40.npy
Loading: scene41.npy
Loading: scene42.npy
Loading: scene43.npy
Loading: scene44.npy
Loading: scene45.npy
Loading: scene46.npy
Loading: scene47.npy
Loading: scene48.npy
Loading: scene49.npy
Loading: scene50.npy
Loading: scene51.npy
Loading: scene52.npy
Loading: scene53.npy
Loading: scene54.npy
Loading: scene55.npy
Loading: scene56.npy
Loading: scene57.npy
Loading: scene58.npy
Loading: scene59.npy
Loading: scene60.npy
Loading: scene61.npy
Loading: scene62.npy
Loading: scene63.npy
Loading: scene64.npy
Loading: scene65.npy
Loading: scene66.npy
Loading: scene67.npy
Loading: scene68.npy
Loading: scene69.npy
Loading: scene70.npy
Loading: scene71.npy
Loading: scene72.npy
Loading: scene73.npy
Loading: scene74.npy
Loading: scene75.npy
Loading: scene76.npy
Loading: scene77.npy
Loading: scene78.npy
Loading: scene79.npy
Loading: scene80.npy
Loading: scene81.npy
Loading: scene82.npy
Loading: scene83.npy
Loading: scene84.npy
Loading: scene85.npy
Loading: scene86.npy
Loading: scene87.npy
Loading: scene88.npy
Loading: scene89.npy
Loading: scene90.npy
Loading: scene91.npy
Loading: scene92.npy
Loading: scene93.npy
Loading: scene94.npy
Loading: scene95.npy
Loading: scene96.npy
Loading: scene97.npy
Loading: scene98.npy
Loading: scene99.npy
Loading: scene100.npy
Loading: scene101.npy
Loading: scene102.npy
Loading: scene103.npy
Loading: scene104.npy
Loading: scene105.npy
Loading: scene106.npy
Loading: scene107.npy
Loading: scene108.npy
Loading: scene109.npy
Loading: scene110.npy
Loading: scene111.npy
Loading: scene112.npy
Loading: scene113.npy
Loading: scene114.npy
Loading: scene115.npy
Loading: scene116.npy
Loading: scene117.npy
Loading: scene118.npy
Loading: scene119.npy
Loading: scene120.npy
Loading: scene121.npy
Loading: scene122.npy
Loading: scene123.npy
Loading: scene124.npy
Loading: scene125.npy
Loading: scene126.npy
Loading: scene127.npy
Loading: scene128.npy
Loading: scene129.npy
Loading: scene130.npy
Loading: scene131.npy
Loading: scene132.npy
Loading: scene133.npy
Loading: scene134.npy
Loading: scene135.npy
Loading: scene136.npy
Loading: scene137.npy
Loading: scene138.npy
Loading: scene139.npy
Loading: scene140.npy
Loading: scene141.npy
Loading: scene142.npy
Loading: scene143.npy
Loading: scene144.npy
Loading: scene145.npy
Loading: scene146.npy
Loading: scene147.npy
Loading: scene148.npy
Loading: scene149.npy
Loading: scene150.npy
Loading: scene151.npy
Loading: scene152.npy
Loading: scene153.npy
Loading: scene154.npy
Loading: scene155.npy
Loading: scene156.npy
Loading: scene157.npy
Loading: scene158.npy
Loading: scene159.npy
Loading: scene160.npy
Loading: scene161.npy
Loading: scene162.npy
Loading: scene163.npy
Loading: scene164.npy
Loading: scene165.npy
Loading: scene166.npy
Loading: scene167.npy
Loading: scene168.npy
Loading: scene169.npy
Loading: scene170.npy
Loading: scene171.npy
Loading: scene172.npy
Loading: scene173.npy
Loading: scene174.npy
Loading: scene175.npy
Loading: scene176.npy
Loading: scene177.npy
Loading: scene178.npy
Loading: scene179.npy
Loading: scene180.npy
Loading: scene181.npy
Loading: scene182.npy
Loading: scene183.npy
Loading: scene184.npy
Loading: scene185.npy
Loading: scene186.npy
Loading: scene187.npy
Loading: scene188.npy
Loading: scene189.npy
Loading: scene190.npy
Loading: scene191.npy
Loading: scene192.npy
Loading: scene193.npy
Loading: scene194.npy
Loading: scene195.npy
Loading: scene196.npy
Loading: scene197.npy
Loading: scene198.npy
Loading: scene199.npy
Loading: scene200.npy
Loading: scene201.npy
Loading: scene202.npy
Loading: scene203.npy
Loading: scene204.npy
Loading: scene205.npy
训练集加载完成：205 个场景，路径: /data5/SCI/xieweijie/CASSI/dataset/CAVE_1024_npy
finished after 36.35 s
[train] PhiPhiT 已缓存: shape=[1, 256, 310]
============================================================
当前配置组合:
  KG方程:     否
  FBGW:       snr_adaptive
  Swin-WPO:   否
  展开:       5 stage, 共享权重, GAP
  多阶段损失: 是
  参数量:     3.16M
============================================================
训练开始: 5.25.15:43
Traceback (most recent call last):
  File "train.py", line 352, in <module>
    main()
  File "train.py", line 327, in main
    scaler=scaler, PhiPhiT_cached=PhiPhiT_cached)
  File "train.py", line 162, in train_epoch
    outputs = model(g, input_mask=(mask3d_batch, PhiPhiT))
  File "/data5/SCI/zhangwenjie/zwj/lib/python3.7/site-packages/torch/nn/modules/module.py", line 1130, in _call_impl
    return forward_call(*input, **kwargs)
  File "./model/unfolding.py", line 196, in forward
    f = self._get_prior(k)(z_clean, Phi, sigma=sigma)
  File "/data5/SCI/zhangwenjie/zwj/lib/python3.7/site-packages/torch/nn/modules/module.py", line 1130, in _call_impl
    return forward_call(*input, **kwargs)
  File "./model/wpo3d.py", line 413, in forward
    fea = fusion(torch.cat([fea, fea_encoder[self.stage - 1 - i]], dim=1))
RuntimeError: CUDA out of memory. Tried to allocate 28.00 MiB (GPU 0; 23.70 GiB total capacity; 21.88 GiB already allocated; 21.81 MiB free; 22.00 GiB reserved in total by PyTorch) If reserved memory is >> allocated memory try setting max_split_size_mb to avoid fragmentation.  See documentation for Memory Management and PYTORCH_CUDA_ALLOC_CONF
(/data5/SCI/zhangwenjie/zwj) [01;32mliulei@inspur-NF5468M5[00m:[01;34m/data5/SCI/xieweijie/CASSI/version2_debug[00m$ python train.py
训练集路径: /data5/SCI/xieweijie/CASSI/dataset/CAVE_1024_npy
starting at: Mon May 25 15:51:28 2026
[dataset] JSON 已存在，跳过扫描: CAVE_1024_npy_info.json / CAVE_1024_npy_bands.json
Loading: scene1.npy
Loading: scene2.npy
Loading: scene3.npy
Loading: scene4.npy
Loading: scene5.npy
Loading: scene6.npy
Loading: scene7.npy
Loading: scene8.npy
Loading: scene9.npy
Loading: scene10.npy
Loading: scene11.npy
Loading: scene12.npy
Loading: scene13.npy
Loading: scene14.npy
Loading: scene15.npy
Loading: scene16.npy
Loading: scene17.npy
Loading: scene18.npy
Loading: scene19.npy
Loading: scene20.npy
Loading: scene21.npy
Loading: scene22.npy
Loading: scene23.npy
Loading: scene24.npy
Loading: scene25.npy
Loading: scene26.npy
Loading: scene27.npy
Loading: scene28.npy
Loading: scene29.npy
Loading: scene30.npy
Loading: scene31.npy
Loading: scene32.npy
Loading: scene33.npy
Loading: scene34.npy
Loading: scene35.npy
Loading: scene36.npy
Loading: scene37.npy
Loading: scene38.npy
Loading: scene39.npy
Loading: scene40.npy
Loading: scene41.npy
Loading: scene42.npy
Loading: scene43.npy
Loading: scene44.npy
Loading: scene45.npy
Loading: scene46.npy
Loading: scene47.npy
Loading: scene48.npy
Loading: scene49.npy
Loading: scene50.npy
Loading: scene51.npy
Loading: scene52.npy
Loading: scene53.npy
Loading: scene54.npy
Loading: scene55.npy
Loading: scene56.npy
Loading: scene57.npy
Loading: scene58.npy
Loading: scene59.npy
Loading: scene60.npy
Loading: scene61.npy
Loading: scene62.npy
Loading: scene63.npy
Loading: scene64.npy
Loading: scene65.npy
Loading: scene66.npy
Loading: scene67.npy
Loading: scene68.npy
Loading: scene69.npy
Loading: scene70.npy
Loading: scene71.npy
Loading: scene72.npy
Loading: scene73.npy
Loading: scene74.npy
Loading: scene75.npy
Loading: scene76.npy
Loading: scene77.npy
Loading: scene78.npy
Loading: scene79.npy
Loading: scene80.npy
Loading: scene81.npy
Loading: scene82.npy
Loading: scene83.npy
Loading: scene84.npy
Loading: scene85.npy
Loading: scene86.npy
Loading: scene87.npy
Loading: scene88.npy
Loading: scene89.npy
Loading: scene90.npy
Loading: scene91.npy
Loading: scene92.npy
Loading: scene93.npy
Loading: scene94.npy
Loading: scene95.npy
Loading: scene96.npy
Loading: scene97.npy
Loading: scene98.npy
Loading: scene99.npy
Loading: scene100.npy
Loading: scene101.npy
Loading: scene102.npy
Loading: scene103.npy
Loading: scene104.npy
Loading: scene105.npy
Loading: scene106.npy
Loading: scene107.npy
Loading: scene108.npy
Loading: scene109.npy
Loading: scene110.npy
Loading: scene111.npy
Loading: scene112.npy
Loading: scene113.npy
Loading: scene114.npy
Loading: scene115.npy
Loading: scene116.npy
Loading: scene117.npy
Loading: scene118.npy
Loading: scene119.npy
Loading: scene120.npy
Loading: scene121.npy
Loading: scene122.npy
Loading: scene123.npy
Loading: scene124.npy
Loading: scene125.npy
Loading: scene126.npy
Loading: scene127.npy
Loading: scene128.npy
Loading: scene129.npy
Loading: scene130.npy
Loading: scene131.npy
Loading: scene132.npy
Loading: scene133.npy
Loading: scene134.npy
Loading: scene135.npy
Loading: scene136.npy
Loading: scene137.npy
Loading: scene138.npy
Loading: scene139.npy
Loading: scene140.npy
Loading: scene141.npy
Loading: scene142.npy
Loading: scene143.npy
Loading: scene144.npy
Loading: scene145.npy
Loading: scene146.npy
Loading: scene147.npy
Loading: scene148.npy
Loading: scene149.npy
Loading: scene150.npy
Loading: scene151.npy
Loading: scene152.npy
Loading: scene153.npy
Loading: scene154.npy
Loading: scene155.npy
Loading: scene156.npy
Loading: scene157.npy
Loading: scene158.npy
Loading: scene159.npy
Loading: scene160.npy
Loading: scene161.npy
Loading: scene162.npy
Loading: scene163.npy
Loading: scene164.npy
Loading: scene165.npy
Loading: scene166.npy
Loading: scene167.npy
Loading: scene168.npy
Loading: scene169.npy
Loading: scene170.npy
Loading: scene171.npy
Loading: scene172.npy
Loading: scene173.npy
Loading: scene174.npy
Loading: scene175.npy
Loading: scene176.npy
Loading: scene177.npy
Loading: scene178.npy
Loading: scene179.npy
Loading: scene180.npy
Loading: scene181.npy
Loading: scene182.npy
Loading: scene183.npy
Loading: scene184.npy
Loading: scene185.npy
Loading: scene186.npy
Loading: scene187.npy
Loading: scene188.npy
Loading: scene189.npy
Loading: scene190.npy
Loading: scene191.npy
Loading: scene192.npy
Loading: scene193.npy
Loading: scene194.npy
Loading: scene195.npy
Loading: scene196.npy
Loading: scene197.npy
Loading: scene198.npy
Loading: scene199.npy
Loading: scene200.npy
Loading: scene201.npy
Loading: scene202.npy
Loading: scene203.npy
Loading: scene204.npy
Loading: scene205.npy
训练集加载完成：205 个场景，路径: /data5/SCI/xieweijie/CASSI/dataset/CAVE_1024_npy
finished after 21.85 s
[train] PhiPhiT 已缓存: shape=[1, 256, 310]
============================================================
当前配置组合:
  KG方程:     否
  FBGW:       snr_adaptive
  Swin-WPO:   否
  展开:       5 stage, 共享权重, GAP
  多阶段损失: 是
  参数量:     3.16M
============================================================
训练开始: 5.25.15:51
[Epoch 001] Loss: 0.177029  Time: 3759.1s  LR: 4.00e-04
         Test -> PSNR: 29.03  SSIM: 0.7980  SAM: 0.3760  Time: 0.9s
  * 新最优: PSNR=29.03  SSIM=0.7980  -> result/model/2026_05_25_15_51_52_wpo_unfold_stg5_share/best.pth
[Epoch 002] Loss: 0.074526  Time: 3757.1s  LR: 4.00e-04
         Test -> PSNR: 31.51  SSIM: 0.8706  SAM: 0.2886  Time: 0.9s
  * 新最优: PSNR=31.51  SSIM=0.8706  -> result/model/2026_05_25_15_51_52_wpo_unfold_stg5_share/best.pth
[Epoch 003] Loss: 0.059593  Time: 3837.0s  LR: 4.00e-04
         Test -> PSNR: 32.75  SSIM: 0.8994  SAM: 0.2446  Time: 0.9s
  * 新最优: PSNR=32.75  SSIM=0.8994  -> result/model/2026_05_25_15_51_52_wpo_unfold_stg5_share/best.pth
[Epoch 004] Loss: 0.050823  Time: 3865.0s  LR: 4.00e-04
         Test -> PSNR: 33.79  SSIM: 0.9219  SAM: 0.1915  Time: 1.0s
  * 新最优: PSNR=33.79  SSIM=0.9219  -> result/model/2026_05_25_15_51_52_wpo_unfold_stg5_share/best.pth
[Epoch 005] Loss: 0.046471  Time: 3686.3s  LR: 4.00e-04
         Test -> PSNR: 34.36  SSIM: 0.9311  SAM: 0.1719  Time: 0.9s
  * 新最优: PSNR=34.36  SSIM=0.9311  -> result/model/2026_05_25_15_51_52_wpo_unfold_stg5_share/best.pth
[Epoch 006] Loss: 0.043531  Time: 3649.7s  LR: 4.00e-04
         Test -> PSNR: 34.51  SSIM: 0.9316  SAM: 0.1799  Time: 0.9s
  * 新最优: PSNR=34.51  SSIM=0.9316  -> result/model/2026_05_25_15_51_52_wpo_unfold_stg5_share/best.pth
[Epoch 007] Loss: 0.041292  Time: 3651.3s  LR: 4.00e-04
         Test -> PSNR: 35.23  SSIM: 0.9427  SAM: 0.1541  Time: 0.9s
  * 新最优: PSNR=35.23  SSIM=0.9427  -> result/model/2026_05_25_15_51_52_wpo_unfold_stg5_share/best.pth
[Epoch 008] Loss: 0.038863  Time: 3644.6s  LR: 3.99e-04
         Test -> PSNR: 35.69  SSIM: 0.9486  SAM: 0.1363  Time: 0.9s
  * 新最优: PSNR=35.69  SSIM=0.9486  -> result/model/2026_05_25_15_51_52_wpo_unfold_stg5_share/best.pth
[Epoch 009] Loss: 0.037841  Time: 3644.6s  LR: 3.99e-04
         Test -> PSNR: 35.70  SSIM: 0.9480  SAM: 0.1328  Time: 0.9s
  * 新最优: PSNR=35.70  SSIM=0.9480  -> result/model/2026_05_25_15_51_52_wpo_unfold_stg5_share/best.pth
[Epoch 010] Loss: 0.036314  Time: 3647.0s  LR: 3.99e-04
         Test -> PSNR: 35.96  SSIM: 0.9472  SAM: 0.1574  Time: 0.9s
  * 新最优: PSNR=35.96  SSIM=0.9472  -> result/model/2026_05_25_15_51_52_wpo_unfold_stg5_share/best.pth
[Epoch 011] Loss: 0.035143  Time: 3643.4s  LR: 3.99e-04
         Test -> PSNR: 36.22  SSIM: 0.9541  SAM: 0.1221  Time: 0.9s
  * 新最优: PSNR=36.22  SSIM=0.9541  -> result/model/2026_05_25_15_51_52_wpo_unfold_stg5_share/best.pth
[Epoch 012] Loss: 0.034464  Time: 3639.1s  LR: 3.99e-04
         Test -> PSNR: 36.15  SSIM: 0.9515  SAM: 0.1313  Time: 0.9s
[Epoch 013] Loss: 0.034020  Time: 3641.7s  LR: 3.98e-04
         Test -> PSNR: 36.23  SSIM: 0.9542  SAM: 0.1245  Time: 0.9s
  * 新最优: PSNR=36.23  SSIM=0.9542  -> result/model/2026_05_25_15_51_52_wpo_unfold_stg5_share/best.pth
[Epoch 014] Loss: 0.033280  Time: 3652.1s  LR: 3.98e-04
         Test -> PSNR: 36.44  SSIM: 0.9559  SAM: 0.1216  Time: 0.9s
  * 新最优: PSNR=36.44  SSIM=0.9559  -> result/model/2026_05_25_15_51_52_wpo_unfold_stg5_share/best.pth
[Epoch 015] Loss: 0.032839  Time: 3636.6s  LR: 3.98e-04
         Test -> PSNR: 36.39  SSIM: 0.9544  SAM: 0.1309  Time: 0.9s
[Epoch 016] Loss: 0.032236  Time: 3646.6s  LR: 3.98e-04
         Test -> PSNR: 36.51  SSIM: 0.9555  SAM: 0.1277  Time: 0.9s
  * 新最优: PSNR=36.51  SSIM=0.9555  -> result/model/2026_05_25_15_51_52_wpo_unfold_stg5_share/best.pth
[Epoch 017] Loss: 0.031758  Time: 3643.5s  LR: 3.97e-04
         Test -> PSNR: 36.69  SSIM: 0.9567  SAM: 0.1252  Time: 0.9s
  * 新最优: PSNR=36.69  SSIM=0.9567  -> result/model/2026_05_25_15_51_52_wpo_unfold_stg5_share/best.pth
[Epoch 018] Loss: 0.031291  Time: 3643.1s  LR: 3.97e-04
         Test -> PSNR: 36.64  SSIM: 0.9566  SAM: 0.1232  Time: 0.9s
[Epoch 019] Loss: 0.030534  Time: 3640.9s  LR: 3.96e-04
         Test -> PSNR: 36.76  SSIM: 0.9584  SAM: 0.1183  Time: 0.9s
  * 新最优: PSNR=36.76  SSIM=0.9584  -> result/model/2026_05_25_15_51_52_wpo_unfold_stg5_share/best.pth
[Epoch 020] Loss: 0.030563  Time: 4268.8s  LR: 3.96e-04
         Test -> PSNR: 36.87  SSIM: 0.9596  SAM: 0.1074  Time: 0.9s
  * 新最优: PSNR=36.87  SSIM=0.9596  -> result/model/2026_05_25_15_51_52_wpo_unfold_stg5_share/best.pth
[Epoch 021] Loss: 0.030489  Time: 3635.5s  LR: 3.96e-04
         Test -> PSNR: 36.95  SSIM: 0.9599  SAM: 0.1093  Time: 0.9s
  * 新最优: PSNR=36.95  SSIM=0.9599  -> result/model/2026_05_25_15_51_52_wpo_unfold_stg5_share/best.pth
