(base) [01;32mliulei@inspur-NF5468M5[00m:[01;34m/data5/SCI/xieweijie/CASSI[00m$ conda activate zwj
(/data5/SCI/zhangwenjie/zwj) [01;32mliulei@inspur-NF5468M5[00m:[01;34m/data5/SCI/xieweijie/CASSI[00m$ python train_new.py
训练集路径: dataset/CAVE_1024_npy
starting at: Mon May  4 17:35:42 2026
[dataset] JSON 已存在，跳过扫描: CAVE_1024_npy_info.json / CAVE_1024_npy_bands.json
Loading: scene1.npy
Loading: scene2.npy
Loading: scene3.npy
Loading: scene4.npy
Loading: scene5.npy
Loading: scene6.npy
Loading: scene7.npy
Loading: scene8.npy
Loading: scene9.npy
Loading: scene10.npy
Loading: scene11.npy
Loading: scene12.npy
Loading: scene13.npy
Loading: scene14.npy
Loading: scene15.npy
Loading: scene16.npy
Loading: scene17.npy
Loading: scene18.npy
Loading: scene19.npy
Loading: scene20.npy
Loading: scene21.npy
Loading: scene22.npy
Loading: scene23.npy
Loading: scene24.npy
Loading: scene25.npy
Loading: scene26.npy
Loading: scene27.npy
Loading: scene28.npy
Loading: scene29.npy
Loading: scene30.npy
Loading: scene31.npy
Loading: scene32.npy
Loading: scene33.npy
Loading: scene34.npy
Loading: scene35.npy
Loading: scene36.npy
Loading: scene37.npy
Loading: scene38.npy
Loading: scene39.npy
Loading: scene40.npy
Loading: scene41.npy
Loading: scene42.npy
Loading: scene43.npy
Loading: scene44.npy
Loading: scene45.npy
Loading: scene46.npy
Loading: scene47.npy
Loading: scene48.npy
Loading: scene49.npy
Loading: scene50.npy
Loading: scene51.npy
Loading: scene52.npy
Loading: scene53.npy
Loading: scene54.npy
Loading: scene55.npy
Loading: scene56.npy
Loading: scene57.npy
Loading: scene58.npy
Loading: scene59.npy
Loading: scene60.npy
Loading: scene61.npy
Loading: scene62.npy
Loading: scene63.npy
Loading: scene64.npy
Loading: scene65.npy
Loading: scene66.npy
Loading: scene67.npy
Loading: scene68.npy
Loading: scene69.npy
Loading: scene70.npy
Loading: scene71.npy
Loading: scene72.npy
Loading: scene73.npy
Loading: scene74.npy
Loading: scene75.npy
Loading: scene76.npy
Loading: scene77.npy
Loading: scene78.npy
Loading: scene79.npy
Loading: scene80.npy
Loading: scene81.npy
Loading: scene82.npy
Loading: scene83.npy
Loading: scene84.npy
Loading: scene85.npy
Loading: scene86.npy
Loading: scene87.npy
Loading: scene88.npy
Loading: scene89.npy
Loading: scene90.npy
Loading: scene91.npy
Loading: scene92.npy
Loading: scene93.npy
Loading: scene94.npy
Loading: scene95.npy
Loading: scene96.npy
Loading: scene97.npy
Loading: scene98.npy
Loading: scene99.npy
Loading: scene100.npy
Loading: scene101.npy
Loading: scene102.npy
Loading: scene103.npy
Loading: scene104.npy
Loading: scene105.npy
Loading: scene106.npy
Loading: scene107.npy
Loading: scene108.npy
Loading: scene109.npy
Loading: scene110.npy
Loading: scene111.npy
Loading: scene112.npy
Loading: scene113.npy
Loading: scene114.npy
Loading: scene115.npy
Loading: scene116.npy
Loading: scene117.npy
Loading: scene118.npy
Loading: scene119.npy
Loading: scene120.npy
Loading: scene121.npy
Loading: scene122.npy
Loading: scene123.npy
Loading: scene124.npy
Loading: scene125.npy
Loading: scene126.npy
Loading: scene127.npy
Loading: scene128.npy
Loading: scene129.npy
Loading: scene130.npy
Loading: scene131.npy
Loading: scene132.npy
Loading: scene133.npy
Loading: scene134.npy
Loading: scene135.npy
Loading: scene136.npy
Loading: scene137.npy
Loading: scene138.npy
Loading: scene139.npy
Loading: scene140.npy
Loading: scene141.npy
Loading: scene142.npy
Loading: scene143.npy
Loading: scene144.npy
Loading: scene145.npy
Loading: scene146.npy
Loading: scene147.npy
Loading: scene148.npy
Loading: scene149.npy
Loading: scene150.npy
Loading: scene151.npy
Loading: scene152.npy
Loading: scene153.npy
Loading: scene154.npy
Loading: scene155.npy
Loading: scene156.npy
Loading: scene157.npy
Loading: scene158.npy
Loading: scene159.npy
Loading: scene160.npy
Loading: scene161.npy
Loading: scene162.npy
Loading: scene163.npy
Loading: scene164.npy
Loading: scene165.npy
Loading: scene166.npy
Loading: scene167.npy
Loading: scene168.npy
Loading: scene169.npy
Loading: scene170.npy
Loading: scene171.npy
Loading: scene172.npy
Loading: scene173.npy
Loading: scene174.npy
Loading: scene175.npy
Loading: scene176.npy
Loading: scene177.npy
Loading: scene178.npy
Loading: scene179.npy
Loading: scene180.npy
Loading: scene181.npy
Loading: scene182.npy
Loading: scene183.npy
Loading: scene184.npy
Loading: scene185.npy
Loading: scene186.npy
Loading: scene187.npy
Loading: scene188.npy
Loading: scene189.npy
Loading: scene190.npy
Loading: scene191.npy
Loading: scene192.npy
Loading: scene193.npy
Loading: scene194.npy
Loading: scene195.npy
Loading: scene196.npy
Loading: scene197.npy
Loading: scene198.npy
Loading: scene199.npy
Loading: scene200.npy
Loading: scene201.npy
Loading: scene202.npy
Loading: scene203.npy
Loading: scene204.npy
Loading: scene205.npy
训练集加载完成：205 个场景，路径: dataset/CAVE_1024_npy
finished after 74.69 s
[physics] WAVELENGTHS 已从 CAVE_1024_npy_bands.json 加载，共 28 个波段。
[train] NUM_BANDS=28（来自 CAVE_1024_npy_bands.json）
模型: Helmholtzformer  参数量: 0.78M
训练开始: 5.4.17:36
[Epoch 001] Loss: 0.090783  Time: 403.4s  LR: 4.00e-04
         Test → PSNR: 23.12  SSIM: 0.5672  SAM: 0.4965
                FreqAmpErr: 241.63037  LowFreqErr: 21790.02622  HighFreqErr: 72.95990
[Epoch 002] Loss: 0.065810  Time: 402.1s  LR: 4.00e-04
         Test → PSNR: 25.07  SSIM: 0.6565  SAM: 0.4148
                FreqAmpErr: 126.58619  LowFreqErr: 8660.12046  HighFreqErr: 59.78980
[Epoch 003] Loss: 0.055715  Time: 400.6s  LR: 4.00e-04
         Test → PSNR: 26.09  SSIM: 0.6857  SAM: 0.4285
                FreqAmpErr: 94.78891  LowFreqErr: 5573.77554  HighFreqErr: 51.90204
[Epoch 004] Loss: 0.049101  Time: 399.8s  LR: 4.00e-04
         Test → PSNR: 26.88  SSIM: 0.7237  SAM: 0.4061
                FreqAmpErr: 80.83839  LowFreqErr: 4476.93563  HighFreqErr: 46.42786
[Epoch 005] Loss: 0.045015  Time: 400.6s  LR: 4.00e-04
         Test → PSNR: 27.62  SSIM: 0.7596  SAM: 0.3211
                FreqAmpErr: 72.64855  LowFreqErr: 3676.44008  HighFreqErr: 44.43980
[Epoch 006] Loss: 0.042293  Time: 400.8s  LR: 4.00e-04
         Test → PSNR: 27.98  SSIM: 0.7679  SAM: 0.3147
                FreqAmpErr: 65.30136  LowFreqErr: 3143.67754  HighFreqErr: 41.20531
[Epoch 007] Loss: 0.039670  Time: 400.5s  LR: 4.00e-04
         Test → PSNR: 28.08  SSIM: 0.7729  SAM: 0.3400
                FreqAmpErr: 64.27842  LowFreqErr: 3487.93762  HighFreqErr: 37.47966
  ★ 新最优: PSNR=28.08  SSIM=0.7729  → result/model/2026_05_04_17_36_59_h1_gamma_helm_pure/best.pth
[Epoch 008] Loss: 0.038064  Time: 401.7s  LR: 3.99e-04
         Test → PSNR: 28.67  SSIM: 0.7889  SAM: 0.2940
                FreqAmpErr: 60.16976  LowFreqErr: 2867.59446  HighFreqErr: 38.19459
  ★ 新最优: PSNR=28.67  SSIM=0.7889  → result/model/2026_05_04_17_36_59_h1_gamma_helm_pure/best.pth
[Epoch 009] Loss: 0.036818  Time: 401.4s  LR: 3.99e-04
         Test → PSNR: 28.74  SSIM: 0.7832  SAM: 0.3644
                FreqAmpErr: 55.67975  LowFreqErr: 2788.61969  HighFreqErr: 34.28761
  ★ 新最优: PSNR=28.74  SSIM=0.7832  → result/model/2026_05_04_17_36_59_h1_gamma_helm_pure/best.pth
[Epoch 010] Loss: 0.036263  Time: 401.5s  LR: 3.99e-04
         Test → PSNR: 29.07  SSIM: 0.8091  SAM: 0.2890
                FreqAmpErr: 52.79704  LowFreqErr: 2351.83107  HighFreqErr: 34.80131
  ★ 新最优: PSNR=29.07  SSIM=0.8091  → result/model/2026_05_04_17_36_59_h1_gamma_helm_pure/best.pth
[Epoch 011] Loss: 0.035275  Time: 400.4s  LR: 3.99e-04
         Test → PSNR: 28.93  SSIM: 0.8133  SAM: 0.2994
                FreqAmpErr: 51.46964  LowFreqErr: 2516.78192  HighFreqErr: 32.17236
[Epoch 012] Loss: 0.034685  Time: 401.0s  LR: 3.99e-04
         Test → PSNR: 29.25  SSIM: 0.8163  SAM: 0.2970
                FreqAmpErr: 48.53068  LowFreqErr: 2386.87515  HighFreqErr: 30.22724
  ★ 新最优: PSNR=29.25  SSIM=0.8163  → result/model/2026_05_04_17_36_59_h1_gamma_helm_pure/best.pth
[Epoch 013] Loss: 0.033406  Time: 400.9s  LR: 3.98e-04
         Test → PSNR: 29.42  SSIM: 0.8182  SAM: 0.2959
                FreqAmpErr: 50.17643  LowFreqErr: 2347.85531  HighFreqErr: 32.19130
  ★ 新最优: PSNR=29.42  SSIM=0.8182  → result/model/2026_05_04_17_36_59_h1_gamma_helm_pure/best.pth
[Epoch 014] Loss: 0.033124  Time: 401.6s  LR: 3.98e-04
         Test → PSNR: 29.57  SSIM: 0.8309  SAM: 0.2597
                FreqAmpErr: 43.73504  LowFreqErr: 2037.41366  HighFreqErr: 28.12948
  ★ 新最优: PSNR=29.57  SSIM=0.8309  → result/model/2026_05_04_17_36_59_h1_gamma_helm_pure/best.pth
[Epoch 015] Loss: 0.032677  Time: 401.2s  LR: 3.98e-04
         Test → PSNR: 29.75  SSIM: 0.8362  SAM: 0.2519
                FreqAmpErr: 44.72656  LowFreqErr: 2012.83555  HighFreqErr: 29.32115
  ★ 新最优: PSNR=29.75  SSIM=0.8362  → result/model/2026_05_04_17_36_59_h1_gamma_helm_pure/best.pth
[Epoch 016] Loss: 0.031842  Time: 400.8s  LR: 3.98e-04
         Test → PSNR: 29.81  SSIM: 0.8356  SAM: 0.2597
                FreqAmpErr: 44.77470  LowFreqErr: 2022.79987  HighFreqErr: 29.29167
  ★ 新最优: PSNR=29.81  SSIM=0.8356  → result/model/2026_05_04_17_36_59_h1_gamma_helm_pure/best.pth
[Epoch 017] Loss: 0.031222  Time: 400.0s  LR: 3.97e-04
         Test → PSNR: 29.91  SSIM: 0.8392  SAM: 0.2888
                FreqAmpErr: 42.65402  LowFreqErr: 1961.06044  HighFreqErr: 27.63766
  ★ 新最优: PSNR=29.91  SSIM=0.8392  → result/model/2026_05_04_17_36_59_h1_gamma_helm_pure/best.pth
[Epoch 018] Loss: 0.030889  Time: 400.7s  LR: 3.97e-04
         Test → PSNR: 30.12  SSIM: 0.8420  SAM: 0.2851
                FreqAmpErr: 40.26452  LowFreqErr: 1765.63256  HighFreqErr: 26.75917
  ★ 新最优: PSNR=30.12  SSIM=0.8420  → result/model/2026_05_04_17_36_59_h1_gamma_helm_pure/best.pth
[Epoch 019] Loss: 0.030685  Time: 401.4s  LR: 3.96e-04
         Test → PSNR: 29.68  SSIM: 0.8111  SAM: 0.3415
                FreqAmpErr: 44.21716  LowFreqErr: 2434.59949  HighFreqErr: 25.50639
[Epoch 020] Loss: 0.030073  Time: 400.6s  LR: 3.96e-04
         Test → PSNR: 30.17  SSIM: 0.8450  SAM: 0.2766
                FreqAmpErr: 38.67450  LowFreqErr: 1771.17726  HighFreqErr: 25.11330
  ★ 新最优: PSNR=30.17  SSIM=0.8450  → result/model/2026_05_04_17_36_59_h1_gamma_helm_pure/best.pth
[Epoch 021] Loss: 0.029939  Time: 401.4s  LR: 3.96e-04
         Test → PSNR: 30.36  SSIM: 0.8473  SAM: 0.2735
                FreqAmpErr: 38.35030  LowFreqErr: 1711.88945  HighFreqErr: 25.25064
  ★ 新最优: PSNR=30.36  SSIM=0.8473  → result/model/2026_05_04_17_36_59_h1_gamma_helm_pure/best.pth
[Epoch 022] Loss: 0.029874  Time: 401.3s  LR: 3.95e-04
         Test → PSNR: 30.30  SSIM: 0.8508  SAM: 0.2441
                FreqAmpErr: 38.13715  LowFreqErr: 1757.73167  HighFreqErr: 24.67699
[Epoch 023] Loss: 0.029195  Time: 400.6s  LR: 3.95e-04
         Test → PSNR: 30.48  SSIM: 0.8490  SAM: 0.2780
                FreqAmpErr: 37.18470  LowFreqErr: 1638.04533  HighFreqErr: 24.65393
  ★ 新最优: PSNR=30.48  SSIM=0.8490  → result/model/2026_05_04_17_36_59_h1_gamma_helm_pure/best.pth
[Epoch 024] Loss: 0.029152  Time: 400.4s  LR: 3.94e-04
         Test → PSNR: 30.53  SSIM: 0.8502  SAM: 0.2920
                FreqAmpErr: 35.95259  LowFreqErr: 1582.46200  HighFreqErr: 23.84726
  ★ 新最优: PSNR=30.53  SSIM=0.8502  → result/model/2026_05_04_17_36_59_h1_gamma_helm_pure/best.pth
[Epoch 025] Loss: 0.028717  Time: 400.6s  LR: 3.94e-04
         Test → PSNR: 30.62  SSIM: 0.8528  SAM: 0.2890
                FreqAmpErr: 34.67607  LowFreqErr: 1606.07208  HighFreqErr: 22.37594
  ★ 新最优: PSNR=30.62  SSIM=0.8528  → result/model/2026_05_04_17_36_59_h1_gamma_helm_pure/best.pth
[Epoch 026] Loss: 0.028156  Time: 400.8s  LR: 3.93e-04
         Test → PSNR: 30.50  SSIM: 0.8283  SAM: 0.3843
                FreqAmpErr: 36.65345  LowFreqErr: 1803.36201  HighFreqErr: 22.82450
[Epoch 027] Loss: 0.027742  Time: 399.8s  LR: 3.93e-04
         Test → PSNR: 30.77  SSIM: 0.8677  SAM: 0.2215
                FreqAmpErr: 35.16523  LowFreqErr: 1557.42899  HighFreqErr: 23.24968
  ★ 新最优: PSNR=30.77  SSIM=0.8677  → result/model/2026_05_04_17_36_59_h1_gamma_helm_pure/best.pth
[Epoch 028] Loss: 0.027827  Time: 399.3s  LR: 3.92e-04
         Test → PSNR: 30.29  SSIM: 0.8489  SAM: 0.2182
                FreqAmpErr: 37.99722  LowFreqErr: 1985.05984  HighFreqErr: 22.75655
[Epoch 029] Loss: 0.027647  Time: 402.0s  LR: 3.91e-04
         Test → PSNR: 30.63  SSIM: 0.8647  SAM: 0.2420
                FreqAmpErr: 36.45017  LowFreqErr: 1810.89381  HighFreqErr: 22.56068
[Epoch 030] Loss: 0.027524  Time: 402.5s  LR: 3.91e-04
         Test → PSNR: 30.85  SSIM: 0.8601  SAM: 0.2760
                FreqAmpErr: 34.02376  LowFreqErr: 1598.98296  HighFreqErr: 21.77401
  ★ 新最优: PSNR=30.85  SSIM=0.8601  → result/model/2026_05_04_17_36_59_h1_gamma_helm_pure/best.pth
[Epoch 031] Loss: 0.027468  Time: 402.2s  LR: 3.90e-04
         Test → PSNR: 30.95  SSIM: 0.8538  SAM: 0.2709
                FreqAmpErr: 34.84489  LowFreqErr: 1662.53037  HighFreqErr: 22.10416
  ★ 新最优: PSNR=30.95  SSIM=0.8538  → result/model/2026_05_04_17_36_59_h1_gamma_helm_pure/best.pth
[Epoch 032] Loss: 0.026830  Time: 401.9s  LR: 3.90e-04
         Test → PSNR: 31.03  SSIM: 0.8739  SAM: 0.2270
                FreqAmpErr: 32.16931  LowFreqErr: 1438.93424  HighFreqErr: 21.15784
  ★ 新最优: PSNR=31.03  SSIM=0.8739  → result/model/2026_05_04_17_36_59_h1_gamma_helm_pure/best.pth
[Epoch 033] Loss: 0.026511  Time: 400.4s  LR: 3.89e-04
         Test → PSNR: 31.03  SSIM: 0.8723  SAM: 0.2408
                FreqAmpErr: 32.77238  LowFreqErr: 1575.27396  HighFreqErr: 20.69842
[Epoch 034] Loss: 0.026488  Time: 399.3s  LR: 3.88e-04
         Test → PSNR: 31.12  SSIM: 0.8764  SAM: 0.2205
                FreqAmpErr: 30.92133  LowFreqErr: 1417.00149  HighFreqErr: 20.07176
  ★ 新最优: PSNR=31.12  SSIM=0.8764  → result/model/2026_05_04_17_36_59_h1_gamma_helm_pure/best.pth
[Epoch 035] Loss: 0.026330  Time: 400.1s  LR: 3.87e-04
         Test → PSNR: 31.14  SSIM: 0.8672  SAM: 0.2725
                FreqAmpErr: 31.89595  LowFreqErr: 1468.72855  HighFreqErr: 20.64911
  ★ 新最优: PSNR=31.14  SSIM=0.8672  → result/model/2026_05_04_17_36_59_h1_gamma_helm_pure/best.pth
[Epoch 036] Loss: 0.026260  Time: 400.8s  LR: 3.87e-04
         Test → PSNR: 31.04  SSIM: 0.8684  SAM: 0.2744
                FreqAmpErr: 32.14153  LowFreqErr: 1468.85925  HighFreqErr: 20.89560
[Epoch 037] Loss: 0.025569  Time: 401.2s  LR: 3.86e-04
         Test → PSNR: 31.11  SSIM: 0.8735  SAM: 0.2484
                FreqAmpErr: 30.48152  LowFreqErr: 1434.88242  HighFreqErr: 19.48854
[Epoch 038] Loss: 0.025824  Time: 401.1s  LR: 3.85e-04
         Test → PSNR: 31.24  SSIM: 0.8809  SAM: 0.2266
                FreqAmpErr: 31.30329  LowFreqErr: 1416.39993  HighFreqErr: 20.46142
  ★ 新最优: PSNR=31.24  SSIM=0.8809  → result/model/2026_05_04_17_36_59_h1_gamma_helm_pure/best.pth
[Epoch 039] Loss: 0.025406  Time: 401.4s  LR: 3.84e-04
         Test → PSNR: 31.23  SSIM: 0.8749  SAM: 0.2195
                FreqAmpErr: 30.38600  LowFreqErr: 1450.75840  HighFreqErr: 19.26800
[Epoch 040] Loss: 0.025422  Time: 401.1s  LR: 3.84e-04
         Test → PSNR: 31.30  SSIM: 0.8826  SAM: 0.2063
                FreqAmpErr: 29.91342  LowFreqErr: 1434.18751  HighFreqErr: 18.92144
  ★ 新最优: PSNR=31.30  SSIM=0.8826  → result/model/2026_05_04_17_36_59_h1_gamma_helm_pure/best.pth
[Epoch 041] Loss: 0.025309  Time: 401.6s  LR: 3.83e-04
         Test → PSNR: 31.33  SSIM: 0.8756  SAM: 0.1964
                FreqAmpErr: 30.85749  LowFreqErr: 1431.78499  HighFreqErr: 19.89170
  ★ 新最优: PSNR=31.33  SSIM=0.8756  → result/model/2026_05_04_17_36_59_h1_gamma_helm_pure/best.pth
[Epoch 042] Loss: 0.024911  Time: 401.5s  LR: 3.82e-04
         Test → PSNR: 31.47  SSIM: 0.8764  SAM: 0.2093
                FreqAmpErr: 29.12980  LowFreqErr: 1283.12202  HighFreqErr: 19.31415
  ★ 新最优: PSNR=31.47  SSIM=0.8764  → result/model/2026_05_04_17_36_59_h1_gamma_helm_pure/best.pth
[Epoch 043] Loss: 0.025297  Time: 400.5s  LR: 3.81e-04
         Test → PSNR: 31.50  SSIM: 0.8809  SAM: 0.1920
                FreqAmpErr: 29.51697  LowFreqErr: 1291.71523  HighFreqErr: 19.63709
  ★ 新最优: PSNR=31.50  SSIM=0.8809  → result/model/2026_05_04_17_36_59_h1_gamma_helm_pure/best.pth
[Epoch 044] Loss: 0.024728  Time: 401.6s  LR: 3.80e-04
         Test → PSNR: 30.95  SSIM: 0.8654  SAM: 0.2609
                FreqAmpErr: 33.27321  LowFreqErr: 1885.35519  HighFreqErr: 18.77600
[Epoch 045] Loss: 0.024884  Time: 400.2s  LR: 3.79e-04
         Test → PSNR: 31.33  SSIM: 0.8690  SAM: 0.2916
                FreqAmpErr: 31.65073  LowFreqErr: 1596.69869  HighFreqErr: 19.40029
[Epoch 046] Loss: 0.024531  Time: 404.4s  LR: 3.78e-04
         Test → PSNR: 31.32  SSIM: 0.8685  SAM: 0.2621
                FreqAmpErr: 30.54203  LowFreqErr: 1494.85461  HighFreqErr: 19.08009
[Epoch 047] Loss: 0.024298  Time: 400.1s  LR: 3.77e-04
         Test → PSNR: 31.67  SSIM: 0.8899  SAM: 0.2144
                FreqAmpErr: 27.51505  LowFreqErr: 1280.02702  HighFreqErr: 17.71099
  ★ 新最优: PSNR=31.67  SSIM=0.8899  → result/model/2026_05_04_17_36_59_h1_gamma_helm_pure/best.pth
[Epoch 048] Loss: 0.024412  Time: 399.4s  LR: 3.76e-04
         Test → PSNR: 31.60  SSIM: 0.8819  SAM: 0.2450
                FreqAmpErr: 28.07203  LowFreqErr: 1350.59752  HighFreqErr: 17.71994
[Epoch 049] Loss: 0.024149  Time: 398.2s  LR: 3.75e-04
         Test → PSNR: 31.77  SSIM: 0.8874  SAM: 0.1993
                FreqAmpErr: 28.43658  LowFreqErr: 1205.84550  HighFreqErr: 19.22039
  ★ 新最优: PSNR=31.77  SSIM=0.8874  → result/model/2026_05_04_17_36_59_h1_gamma_helm_pure/best.pth
[Epoch 050] Loss: 0.023960  Time: 398.6s  LR: 3.74e-04
         Test → PSNR: 31.75  SSIM: 0.8873  SAM: 0.2299
                FreqAmpErr: 28.01325  LowFreqErr: 1293.75025  HighFreqErr: 18.10567
[Epoch 050] 当前时间: 5.4.23:11  预计结束: 5.6.3:02
[Epoch 051] Loss: 0.024119  Time: 398.1s  LR: 3.73e-04
         Test → PSNR: 31.81  SSIM: 0.8908  SAM: 0.2196
                FreqAmpErr: 27.71564  LowFreqErr: 1205.00535  HighFreqErr: 18.50038
  ★ 新最优: PSNR=31.81  SSIM=0.8908  → result/model/2026_05_04_17_36_59_h1_gamma_helm_pure/best.pth
[Epoch 052] Loss: 0.024011  Time: 397.9s  LR: 3.72e-04
         Test → PSNR: 31.87  SSIM: 0.8899  SAM: 0.2168
                FreqAmpErr: 26.55397  LowFreqErr: 1171.22996  HighFreqErr: 17.59400
  ★ 新最优: PSNR=31.87  SSIM=0.8899  → result/model/2026_05_04_17_36_59_h1_gamma_helm_pure/best.pth
[Epoch 053] Loss: 0.023693  Time: 398.0s  LR: 3.71e-04
         Test → PSNR: 31.72  SSIM: 0.8735  SAM: 0.2856
                FreqAmpErr: 27.16704  LowFreqErr: 1291.00859  HighFreqErr: 17.27429
[Epoch 054] Loss: 0.023325  Time: 398.2s  LR: 3.70e-04
         Test → PSNR: 31.82  SSIM: 0.8899  SAM: 0.2295
                FreqAmpErr: 27.39858  LowFreqErr: 1274.69623  HighFreqErr: 17.63533
[Epoch 055] Loss: 0.023322  Time: 398.4s  LR: 3.69e-04
         Test → PSNR: 31.87  SSIM: 0.8918  SAM: 0.1854
                FreqAmpErr: 26.72799  LowFreqErr: 1229.38799  HighFreqErr: 17.31414
  ★ 新最优: PSNR=31.87  SSIM=0.8918  → result/model/2026_05_04_17_36_59_h1_gamma_helm_pure/best.pth
[Epoch 056] Loss: 0.023345  Time: 398.2s  LR: 3.68e-04
         Test → PSNR: 31.77  SSIM: 0.8902  SAM: 0.2267
                FreqAmpErr: 28.32118  LowFreqErr: 1322.29658  HighFreqErr: 18.19256
[Epoch 057] Loss: 0.023459  Time: 397.9s  LR: 3.67e-04
         Test → PSNR: 32.01  SSIM: 0.8925  SAM: 0.2284
                FreqAmpErr: 25.92196  LowFreqErr: 1174.75911  HighFreqErr: 16.92942
  ★ 新最优: PSNR=32.01  SSIM=0.8925  → result/model/2026_05_04_17_36_59_h1_gamma_helm_pure/best.pth
[Epoch 058] Loss: 0.023601  Time: 398.6s  LR: 3.66e-04
         Test → PSNR: 32.04  SSIM: 0.8930  SAM: 0.2349
                FreqAmpErr: 25.42863  LowFreqErr: 1172.61168  HighFreqErr: 16.44903
  ★ 新最优: PSNR=32.04  SSIM=0.8930  → result/model/2026_05_04_17_36_59_h1_gamma_helm_pure/best.pth
[Epoch 059] Loss: 0.023022  Time: 398.3s  LR: 3.64e-04
         Test → PSNR: 31.87  SSIM: 0.8908  SAM: 0.1940
                FreqAmpErr: 27.75770  LowFreqErr: 1386.59677  HighFreqErr: 17.12136
[Epoch 060] Loss: 0.023339  Time: 398.5s  LR: 3.63e-04
         Test → PSNR: 31.92  SSIM: 0.8924  SAM: 0.2258
                FreqAmpErr: 25.73638  LowFreqErr: 1223.97811  HighFreqErr: 16.35712
[Epoch 061] Loss: 0.022734  Time: 398.1s  LR: 3.62e-04
         Test → PSNR: 31.95  SSIM: 0.8923  SAM: 0.2113
                FreqAmpErr: 27.82190  LowFreqErr: 1316.91762  HighFreqErr: 17.73148
[Epoch 062] Loss: 0.022553  Time: 397.8s  LR: 3.61e-04
         Test → PSNR: 32.05  SSIM: 0.8886  SAM: 0.2608
                FreqAmpErr: 25.70784  LowFreqErr: 1197.77201  HighFreqErr: 16.53349
  ★ 新最优: PSNR=32.05  SSIM=0.8886  → result/model/2026_05_04_17_36_59_h1_gamma_helm_pure/best.pth
[Epoch 063] Loss: 0.022991  Time: 398.4s  LR: 3.59e-04
         Test → PSNR: 32.15  SSIM: 0.8991  SAM: 0.2150
                FreqAmpErr: 24.85636  LowFreqErr: 1138.06959  HighFreqErr: 16.14266
  ★ 新最优: PSNR=32.15  SSIM=0.8991  → result/model/2026_05_04_17_36_59_h1_gamma_helm_pure/best.pth
[Epoch 064] Loss: 0.022673  Time: 398.1s  LR: 3.58e-04
         Test → PSNR: 32.09  SSIM: 0.8937  SAM: 0.2150
                FreqAmpErr: 25.21400  LowFreqErr: 1160.27369  HighFreqErr: 16.32930
[Epoch 065] Loss: 0.022371  Time: 397.9s  LR: 3.57e-04
         Test → PSNR: 32.06  SSIM: 0.8873  SAM: 0.2604
                FreqAmpErr: 25.52280  LowFreqErr: 1226.53364  HighFreqErr: 16.12186
[Epoch 066] Loss: 0.022650  Time: 398.4s  LR: 3.56e-04
         Test → PSNR: 32.09  SSIM: 0.8984  SAM: 0.2048
                FreqAmpErr: 25.38407  LowFreqErr: 1234.18804  HighFreqErr: 15.92214
[Epoch 067] Loss: 0.022516  Time: 398.1s  LR: 3.54e-04
         Test → PSNR: 32.23  SSIM: 0.9008  SAM: 0.2072
                FreqAmpErr: 25.15353  LowFreqErr: 1123.33627  HighFreqErr: 16.55748
  ★ 新最优: PSNR=32.23  SSIM=0.9008  → result/model/2026_05_04_17_36_59_h1_gamma_helm_pure/best.pth
[Epoch 068] Loss: 0.022159  Time: 398.1s  LR: 3.53e-04
         Test → PSNR: 32.30  SSIM: 0.9004  SAM: 0.2052
                FreqAmpErr: 24.48233  LowFreqErr: 1090.12676  HighFreqErr: 16.14098
  ★ 新最优: PSNR=32.30  SSIM=0.9004  → result/model/2026_05_04_17_36_59_h1_gamma_helm_pure/best.pth
[Epoch 069] Loss: 0.022190  Time: 398.0s  LR: 3.52e-04
         Test → PSNR: 32.18  SSIM: 0.8986  SAM: 0.2071
                FreqAmpErr: 24.74774  LowFreqErr: 1150.20623  HighFreqErr: 15.93819
[Epoch 070] Loss: 0.022216  Time: 399.5s  LR: 3.50e-04
         Test → PSNR: 32.28  SSIM: 0.9029  SAM: 0.2033
                FreqAmpErr: 23.99598  LowFreqErr: 1121.57325  HighFreqErr: 15.40467
[Epoch 071] Loss: 0.022119  Time: 398.5s  LR: 3.49e-04
         Test → PSNR: 32.34  SSIM: 0.9000  SAM: 0.1842
                FreqAmpErr: 24.19764  LowFreqErr: 1101.47147  HighFreqErr: 15.76526
  ★ 新最优: PSNR=32.34  SSIM=0.9000  → result/model/2026_05_04_17_36_59_h1_gamma_helm_pure/best.pth
[Epoch 072] Loss: 0.022413  Time: 398.3s  LR: 3.47e-04
         Test → PSNR: 32.41  SSIM: 0.9053  SAM: 0.1868
                FreqAmpErr: 23.84799  LowFreqErr: 1060.67601  HighFreqErr: 15.73220
  ★ 新最优: PSNR=32.41  SSIM=0.9053  → result/model/2026_05_04_17_36_59_h1_gamma_helm_pure/best.pth
[Epoch 073] Loss: 0.021688  Time: 398.1s  LR: 3.46e-04
         Test → PSNR: 32.28  SSIM: 0.9008  SAM: 0.2004
                FreqAmpErr: 24.70626  LowFreqErr: 1153.74794  HighFreqErr: 15.86867
[Epoch 074] Loss: 0.022176  Time: 398.0s  LR: 3.44e-04
         Test → PSNR: 32.39  SSIM: 0.9045  SAM: 0.1855
                FreqAmpErr: 24.07770  LowFreqErr: 1130.57369  HighFreqErr: 15.41658
[Epoch 075] Loss: 0.021879  Time: 399.0s  LR: 3.43e-04
         Test → PSNR: 32.12  SSIM: 0.9015  SAM: 0.1915
                FreqAmpErr: 25.68364  LowFreqErr: 1289.70012  HighFreqErr: 15.78953
[Epoch 076] Loss: 0.022032  Time: 398.2s  LR: 3.42e-04
         Test → PSNR: 32.39  SSIM: 0.9007  SAM: 0.2050
                FreqAmpErr: 23.81537  LowFreqErr: 1070.29737  HighFreqErr: 15.62402
[Epoch 077] Loss: 0.021847  Time: 398.2s  LR: 3.40e-04
         Test → PSNR: 32.45  SSIM: 0.9048  SAM: 0.2065
                FreqAmpErr: 24.06898  LowFreqErr: 1080.13960  HighFreqErr: 15.80257
  ★ 新最优: PSNR=32.45  SSIM=0.9048  → result/model/2026_05_04_17_36_59_h1_gamma_helm_pure/best.pth
[Epoch 078] Loss: 0.021487  Time: 398.3s  LR: 3.39e-04
         Test → PSNR: 32.30  SSIM: 0.9001  SAM: 0.2236
                FreqAmpErr: 24.12069  LowFreqErr: 1187.33594  HighFreqErr: 15.01560
[Epoch 079] Loss: 0.021356  Time: 398.0s  LR: 3.37e-04
         Test → PSNR: 32.45  SSIM: 0.8998  SAM: 0.1897
                FreqAmpErr: 23.15981  LowFreqErr: 1065.92298  HighFreqErr: 14.99756
[Epoch 080] Loss: 0.021621  Time: 398.6s  LR: 3.36e-04
         Test → PSNR: 32.25  SSIM: 0.8941  SAM: 0.2413
                FreqAmpErr: 25.28939  LowFreqErr: 1235.00009  HighFreqErr: 15.82035
[Epoch 081] Loss: 0.021606  Time: 398.2s  LR: 3.34e-04
         Test → PSNR: 32.43  SSIM: 0.9039  SAM: 0.1895
                FreqAmpErr: 24.28629  LowFreqErr: 1150.79159  HighFreqErr: 15.46855
[Epoch 082] Loss: 0.021356  Time: 398.7s  LR: 3.32e-04
         Test → PSNR: 32.44  SSIM: 0.9056  SAM: 0.1961
                FreqAmpErr: 23.23226  LowFreqErr: 1068.03237  HighFreqErr: 15.05407
[Epoch 083] Loss: 0.021292  Time: 398.0s  LR: 3.31e-04
         Test → PSNR: 32.52  SSIM: 0.9025  SAM: 0.2265
                FreqAmpErr: 23.01772  LowFreqErr: 1061.53445  HighFreqErr: 14.88871
  ★ 新最优: PSNR=32.52  SSIM=0.9025  → result/model/2026_05_04_17_36_59_h1_gamma_helm_pure/best.pth
[Epoch 084] Loss: 0.021475  Time: 398.1s  LR: 3.29e-04
         Test → PSNR: 32.52  SSIM: 0.9077  SAM: 0.2030
                FreqAmpErr: 23.25179  LowFreqErr: 1112.02625  HighFreqErr: 14.72939
  ★ 新最优: PSNR=32.52  SSIM=0.9077  → result/model/2026_05_04_17_36_59_h1_gamma_helm_pure/best.pth
[Epoch 085] Loss: 0.021207  Time: 398.4s  LR: 3.28e-04
         Test → PSNR: 32.45  SSIM: 0.9017  SAM: 0.2231
                FreqAmpErr: 23.70379  LowFreqErr: 1122.55312  HighFreqErr: 15.10253
[Epoch 086] Loss: 0.021311  Time: 398.0s  LR: 3.26e-04
         Test → PSNR: 32.70  SSIM: 0.9097  SAM: 0.1928
                FreqAmpErr: 21.68183  LowFreqErr: 985.76987  HighFreqErr: 14.13541
  ★ 新最优: PSNR=32.70  SSIM=0.9097  → result/model/2026_05_04_17_36_59_h1_gamma_helm_pure/best.pth
[Epoch 087] Loss: 0.021172  Time: 398.0s  LR: 3.24e-04
         Test → PSNR: 32.38  SSIM: 0.8987  SAM: 0.2315
                FreqAmpErr: 24.68423  LowFreqErr: 1249.80798  HighFreqErr: 15.09455
[Epoch 088] Loss: 0.020971  Time: 398.7s  LR: 3.23e-04
         Test → PSNR: 32.60  SSIM: 0.9023  SAM: 0.2211
                FreqAmpErr: 22.51762  LowFreqErr: 1096.62690  HighFreqErr: 14.11001
[Epoch 089] Loss: 0.020976  Time: 398.3s  LR: 3.21e-04
         Test → PSNR: 32.63  SSIM: 0.9085  SAM: 0.1990
                FreqAmpErr: 22.60279  LowFreqErr: 1029.43422  HighFreqErr: 14.72179
[Epoch 090] Loss: 0.020896  Time: 398.1s  LR: 3.19e-04
         Test → PSNR: 32.53  SSIM: 0.9064  SAM: 0.2154
                FreqAmpErr: 23.21834  LowFreqErr: 1104.53871  HighFreqErr: 14.75428
[Epoch 091] Loss: 0.021168  Time: 397.9s  LR: 3.18e-04
         Test → PSNR: 32.62  SSIM: 0.9094  SAM: 0.1938
                FreqAmpErr: 22.83266  LowFreqErr: 1031.34393  HighFreqErr: 14.93852
[Epoch 092] Loss: 0.020919  Time: 398.5s  LR: 3.16e-04
         Test → PSNR: 32.53  SSIM: 0.9098  SAM: 0.1895
                FreqAmpErr: 23.49039  LowFreqErr: 1148.19055  HighFreqErr: 14.68678
[Epoch 093] Loss: 0.020776  Time: 398.2s  LR: 3.14e-04
         Test → PSNR: 32.75  SSIM: 0.9118  SAM: 0.1889
                FreqAmpErr: 21.93079  LowFreqErr: 1013.68236  HighFreqErr: 14.16784
  ★ 新最优: PSNR=32.75  SSIM=0.9118  → result/model/2026_05_04_17_36_59_h1_gamma_helm_pure/best.pth
[Epoch 094] Loss: 0.020831  Time: 398.2s  LR: 3.13e-04
         Test → PSNR: 32.62  SSIM: 0.9029  SAM: 0.2031
                FreqAmpErr: 21.90421  LowFreqErr: 1014.59562  HighFreqErr: 14.13390
[Epoch 095] Loss: 0.020725  Time: 397.7s  LR: 3.11e-04
         Test → PSNR: 32.56  SSIM: 0.9110  SAM: 0.1869
                FreqAmpErr: 22.79139  LowFreqErr: 1127.55742  HighFreqErr: 14.14382
[Epoch 096] Loss: 0.020393  Time: 397.8s  LR: 3.09e-04
         Test → PSNR: 32.76  SSIM: 0.9115  SAM: 0.1960
                FreqAmpErr: 21.64630  LowFreqErr: 1010.81496  HighFreqErr: 13.90357
  ★ 新最优: PSNR=32.76  SSIM=0.9115  → result/model/2026_05_04_17_36_59_h1_gamma_helm_pure/best.pth
[Epoch 097] Loss: 0.020612  Time: 398.3s  LR: 3.07e-04
         Test → PSNR: 32.61  SSIM: 0.9072  SAM: 0.1779
                FreqAmpErr: 22.22068  LowFreqErr: 1090.35038  HighFreqErr: 13.85987
[Epoch 098] Loss: 0.020610  Time: 398.2s  LR: 3.06e-04
         Test → PSNR: 32.59  SSIM: 0.9088  SAM: 0.1922
                FreqAmpErr: 23.17813  LowFreqErr: 1199.22186  HighFreqErr: 13.97263
[Epoch 099] Loss: 0.020750  Time: 398.6s  LR: 3.04e-04
         Test → PSNR: 32.81  SSIM: 0.9119  SAM: 0.1832
                FreqAmpErr: 21.80035  LowFreqErr: 1016.46660  HighFreqErr: 14.01458
  ★ 新最优: PSNR=32.81  SSIM=0.9119  → result/model/2026_05_04_17_36_59_h1_gamma_helm_pure/best.pth
[Epoch 100] Loss: 0.020487  Time: 397.3s  LR: 3.02e-04
         Test → PSNR: 32.79  SSIM: 0.9124  SAM: 0.1872
                FreqAmpErr: 21.55984  LowFreqErr: 987.33867  HighFreqErr: 14.00019
[Epoch 100] 当前时间: 5.5.4:43  预计结束: 5.6.2:56
[Epoch 101] Loss: 0.020454  Time: 398.2s  LR: 3.00e-04
         Test → PSNR: 32.68  SSIM: 0.9096  SAM: 0.1947
                FreqAmpErr: 22.83758  LowFreqErr: 1079.36574  HighFreqErr: 14.56759
[Epoch 102] Loss: 0.020501  Time: 397.7s  LR: 2.98e-04
         Test → PSNR: 32.80  SSIM: 0.9139  SAM: 0.1746
                FreqAmpErr: 22.13819  LowFreqErr: 1039.28958  HighFreqErr: 14.17642
[Epoch 103] Loss: 0.020268  Time: 398.0s  LR: 2.97e-04
         Test → PSNR: 32.85  SSIM: 0.9133  SAM: 0.1825
                FreqAmpErr: 20.92726  LowFreqErr: 977.44478  HighFreqErr: 13.44010
  ★ 新最优: PSNR=32.85  SSIM=0.9133  → result/model/2026_05_04_17_36_59_h1_gamma_helm_pure/best.pth
[Epoch 104] Loss: 0.020531  Time: 398.1s  LR: 2.95e-04
         Test → PSNR: 32.78  SSIM: 0.9098  SAM: 0.1817
                FreqAmpErr: 21.80618  LowFreqErr: 1030.73103  HighFreqErr: 13.90881
[Epoch 105] Loss: 0.020343  Time: 397.9s  LR: 2.93e-04
         Test → PSNR: 32.77  SSIM: 0.9126  SAM: 0.1838
                FreqAmpErr: 22.22030  LowFreqErr: 1071.88015  HighFreqErr: 14.00407
[Epoch 106] Loss: 0.020455  Time: 398.1s  LR: 2.91e-04
         Test → PSNR: 32.81  SSIM: 0.9123  SAM: 0.1942
                FreqAmpErr: 21.44700  LowFreqErr: 1025.42757  HighFreqErr: 13.58833
[Epoch 107] Loss: 0.020065  Time: 398.4s  LR: 2.89e-04
         Test → PSNR: 32.75  SSIM: 0.9101  SAM: 0.1821
                FreqAmpErr: 22.04429  LowFreqErr: 1032.67480  HighFreqErr: 14.13356
[Epoch 108] Loss: 0.020395  Time: 398.3s  LR: 2.87e-04
         Test → PSNR: 32.85  SSIM: 0.9145  SAM: 0.1726
                FreqAmpErr: 21.47871  LowFreqErr: 1012.60856  HighFreqErr: 13.72062
  ★ 新最优: PSNR=32.85  SSIM=0.9145  → result/model/2026_05_04_17_36_59_h1_gamma_helm_pure/best.pth
[Epoch 109] Loss: 0.020008  Time: 398.8s  LR: 2.85e-04
         Test → PSNR: 32.76  SSIM: 0.9112  SAM: 0.2103
                FreqAmpErr: 22.39100  LowFreqErr: 1109.02614  HighFreqErr: 13.88535
[Epoch 110] Loss: 0.020049  Time: 398.1s  LR: 2.84e-04
         Test → PSNR: 32.88  SSIM: 0.9135  SAM: 0.1867
                FreqAmpErr: 21.27906  LowFreqErr: 1008.10274  HighFreqErr: 13.55468
  ★ 新最优: PSNR=32.88  SSIM=0.9135  → result/model/2026_05_04_17_36_59_h1_gamma_helm_pure/best.pth
[Epoch 111] Loss: 0.020183  Time: 398.3s  LR: 2.82e-04
         Test → PSNR: 32.76  SSIM: 0.9126  SAM: 0.1900
                FreqAmpErr: 21.66579  LowFreqErr: 1019.52548  HighFreqErr: 13.85502
[Epoch 112] Loss: 0.020006  Time: 398.0s  LR: 2.80e-04
         Test → PSNR: 32.91  SSIM: 0.9141  SAM: 0.1953
                FreqAmpErr: 21.25154  LowFreqErr: 996.42763  HighFreqErr: 13.61833
  ★ 新最优: PSNR=32.91  SSIM=0.9141  → result/model/2026_05_04_17_36_59_h1_gamma_helm_pure/best.pth
[Epoch 113] Loss: 0.019754  Time: 398.4s  LR: 2.78e-04
         Test → PSNR: 32.95  SSIM: 0.9155  SAM: 0.1838
                FreqAmpErr: 20.56478  LowFreqErr: 963.53170  HighFreqErr: 13.18369
  ★ 新最优: PSNR=32.95  SSIM=0.9155  → result/model/2026_05_04_17_36_59_h1_gamma_helm_pure/best.pth
[Epoch 114] Loss: 0.020150  Time: 397.9s  LR: 2.76e-04
         Test → PSNR: 32.90  SSIM: 0.9157  SAM: 0.1811
                FreqAmpErr: 20.88257  LowFreqErr: 986.98371  HighFreqErr: 13.32039
[Epoch 115] Loss: 0.020109  Time: 398.3s  LR: 2.74e-04
         Test → PSNR: 32.93  SSIM: 0.9146  SAM: 0.1782
                FreqAmpErr: 21.19523  LowFreqErr: 977.78016  HighFreqErr: 13.70754
[Epoch 116] Loss: 0.019696  Time: 398.5s  LR: 2.72e-04
         Test → PSNR: 32.60  SSIM: 0.9087  SAM: 0.2210
                FreqAmpErr: 23.34598  LowFreqErr: 1261.32095  HighFreqErr: 13.65570
[Epoch 117] Loss: 0.019904  Time: 398.0s  LR: 2.70e-04
         Test → PSNR: 32.91  SSIM: 0.9149  SAM: 0.1685
                FreqAmpErr: 21.23113  LowFreqErr: 1035.50652  HighFreqErr: 13.29187
[Epoch 118] Loss: 0.019822  Time: 398.6s  LR: 2.68e-04
         Test → PSNR: 32.52  SSIM: 0.9002  SAM: 0.2658
                FreqAmpErr: 24.48437  LowFreqErr: 1376.71624  HighFreqErr: 13.89975
[Epoch 119] Loss: 0.019832  Time: 398.1s  LR: 2.66e-04
         Test → PSNR: 32.92  SSIM: 0.9149  SAM: 0.1831
                FreqAmpErr: 20.67243  LowFreqErr: 981.35928  HighFreqErr: 13.15263
[Epoch 120] Loss: 0.019723  Time: 398.4s  LR: 2.64e-04
         Test → PSNR: 32.83  SSIM: 0.9136  SAM: 0.2052
                FreqAmpErr: 21.65142  LowFreqErr: 1116.42731  HighFreqErr: 13.08204
[Epoch 121] Loss: 0.020071  Time: 398.2s  LR: 2.62e-04
         Test → PSNR: 33.06  SSIM: 0.9158  SAM: 0.1951
                FreqAmpErr: 20.43692  LowFreqErr: 950.61974  HighFreqErr: 13.15589
  ★ 新最优: PSNR=33.06  SSIM=0.9158  → result/model/2026_05_04_17_36_59_h1_gamma_helm_pure/best.pth
[Epoch 122] Loss: 0.019832  Time: 397.6s  LR: 2.60e-04
         Test → PSNR: 33.07  SSIM: 0.9166  SAM: 0.1824
                FreqAmpErr: 19.89786  LowFreqErr: 908.20410  HighFreqErr: 12.94463
  ★ 新最优: PSNR=33.07  SSIM=0.9166  → result/model/2026_05_04_17_36_59_h1_gamma_helm_pure/best.pth
[Epoch 123] Loss: 0.019609  Time: 397.9s  LR: 2.58e-04
         Test → PSNR: 32.99  SSIM: 0.9116  SAM: 0.2039
                FreqAmpErr: 20.78491  LowFreqErr: 1007.08871  HighFreqErr: 13.06460
[Epoch 124] Loss: 0.019709  Time: 397.8s  LR: 2.56e-04
         Test → PSNR: 33.01  SSIM: 0.9156  SAM: 0.1817
                FreqAmpErr: 20.47134  LowFreqErr: 971.90593  HighFreqErr: 13.02397
[Epoch 125] Loss: 0.019561  Time: 398.0s  LR: 2.54e-04
         Test → PSNR: 33.07  SSIM: 0.9170  SAM: 0.1833
                FreqAmpErr: 20.67583  LowFreqErr: 942.75745  HighFreqErr: 13.45822
[Epoch 126] Loss: 0.019585  Time: 398.3s  LR: 2.52e-04
         Test → PSNR: 33.04  SSIM: 0.9186  SAM: 0.1740
                FreqAmpErr: 20.45016  LowFreqErr: 957.20635  HighFreqErr: 13.11769
[Epoch 127] Loss: 0.019367  Time: 397.4s  LR: 2.50e-04
         Test → PSNR: 33.05  SSIM: 0.9167  SAM: 0.1732
                FreqAmpErr: 20.50352  LowFreqErr: 940.56018  HighFreqErr: 13.30176
[Epoch 128] Loss: 0.019520  Time: 397.7s  LR: 2.48e-04
         Test → PSNR: 33.11  SSIM: 0.9174  SAM: 0.1823
                FreqAmpErr: 20.34952  LowFreqErr: 952.02693  HighFreqErr: 13.05680
  ★ 新最优: PSNR=33.11  SSIM=0.9174  → result/model/2026_05_04_17_36_59_h1_gamma_helm_pure/best.pth
[Epoch 129] Loss: 0.019572  Time: 398.1s  LR: 2.46e-04
         Test → PSNR: 33.10  SSIM: 0.9182  SAM: 0.1740
                FreqAmpErr: 19.95420  LowFreqErr: 934.72688  HighFreqErr: 12.79380
[Epoch 130] Loss: 0.019521  Time: 398.2s  LR: 2.44e-04
         Test → PSNR: 33.16  SSIM: 0.9190  SAM: 0.1754
                FreqAmpErr: 19.93991  LowFreqErr: 912.78495  HighFreqErr: 12.95115
  ★ 新最优: PSNR=33.16  SSIM=0.9190  → result/model/2026_05_04_17_36_59_h1_gamma_helm_pure/best.pth
[Epoch 131] Loss: 0.019472  Time: 397.9s  LR: 2.42e-04
         Test → PSNR: 32.91  SSIM: 0.9121  SAM: 0.2146
                FreqAmpErr: 21.38014  LowFreqErr: 1093.26361  HighFreqErr: 12.98995
[Epoch 132] Loss: 0.019230  Time: 397.4s  LR: 2.40e-04
         Test → PSNR: 33.00  SSIM: 0.9140  SAM: 0.2022
                FreqAmpErr: 20.80334  LowFreqErr: 996.71277  HighFreqErr: 13.16439
[Epoch 133] Loss: 0.019432  Time: 398.0s  LR: 2.38e-04
         Test → PSNR: 33.10  SSIM: 0.9182  SAM: 0.1687
                FreqAmpErr: 20.29587  LowFreqErr: 934.50186  HighFreqErr: 13.13990
[Epoch 134] Loss: 0.019264  Time: 397.9s  LR: 2.36e-04
         Test → PSNR: 32.89  SSIM: 0.9087  SAM: 0.2133
                FreqAmpErr: 21.25897  LowFreqErr: 1058.78420  HighFreqErr: 13.13772
[Epoch 135] Loss: 0.019219  Time: 397.4s  LR: 2.34e-04
         Test → PSNR: 33.05  SSIM: 0.9154  SAM: 0.1933
                FreqAmpErr: 20.25964  LowFreqErr: 984.46117  HighFreqErr: 12.71233
[Epoch 136] Loss: 0.019523  Time: 397.6s  LR: 2.32e-04
         Test → PSNR: 33.00  SSIM: 0.9153  SAM: 0.1906
                FreqAmpErr: 21.34279  LowFreqErr: 1050.43824  HighFreqErr: 13.28753
[Epoch 137] Loss: 0.019299  Time: 398.8s  LR: 2.30e-04
         Test → PSNR: 33.12  SSIM: 0.9186  SAM: 0.1653
                FreqAmpErr: 19.67032  LowFreqErr: 901.65574  HighFreqErr: 12.76656
[Epoch 138] Loss: 0.019150  Time: 398.0s  LR: 2.28e-04
         Test → PSNR: 33.10  SSIM: 0.9197  SAM: 0.1720
                FreqAmpErr: 20.51382  LowFreqErr: 968.42702  HighFreqErr: 13.09402
[Epoch 139] Loss: 0.019211  Time: 397.8s  LR: 2.26e-04
         Test → PSNR: 33.05  SSIM: 0.9168  SAM: 0.2044
                FreqAmpErr: 20.41276  LowFreqErr: 1020.72724  HighFreqErr: 12.58278
[Epoch 140] Loss: 0.019192  Time: 398.4s  LR: 2.23e-04
         Test → PSNR: 33.07  SSIM: 0.9182  SAM: 0.1704
                FreqAmpErr: 20.66671  LowFreqErr: 992.78400  HighFreqErr: 13.05745
[Epoch 141] Loss: 0.018890  Time: 398.3s  LR: 2.21e-04
         Test → PSNR: 33.11  SSIM: 0.9193  SAM: 0.1681
                FreqAmpErr: 20.46511  LowFreqErr: 947.62986  HighFreqErr: 13.20771
[Epoch 142] Loss: 0.019260  Time: 398.2s  LR: 2.19e-04
         Test → PSNR: 33.06  SSIM: 0.9194  SAM: 0.1837
                FreqAmpErr: 20.33876  LowFreqErr: 1002.02039  HighFreqErr: 12.65463
[Epoch 143] Loss: 0.019154  Time: 398.2s  LR: 2.17e-04
         Test → PSNR: 33.06  SSIM: 0.9167  SAM: 0.1813
                FreqAmpErr: 20.48476  LowFreqErr: 962.62812  HighFreqErr: 13.11011
[Epoch 144] Loss: 0.018976  Time: 397.9s  LR: 2.15e-04
         Test → PSNR: 33.18  SSIM: 0.9199  SAM: 0.1830
                FreqAmpErr: 19.77517  LowFreqErr: 968.55770  HighFreqErr: 12.34856
  ★ 新最优: PSNR=33.18  SSIM=0.9199  → result/model/2026_05_04_17_36_59_h1_gamma_helm_pure/best.pth
[Epoch 145] Loss: 0.019147  Time: 398.3s  LR: 2.13e-04
         Test → PSNR: 33.17  SSIM: 0.9196  SAM: 0.1688
                FreqAmpErr: 19.67593  LowFreqErr: 925.37364  HighFreqErr: 12.58656
[Epoch 146] Loss: 0.019193  Time: 398.0s  LR: 2.11e-04
         Test → PSNR: 33.01  SSIM: 0.9174  SAM: 0.1806
                FreqAmpErr: 21.03462  LowFreqErr: 1063.92746  HighFreqErr: 12.87136
[Epoch 147] Loss: 0.018866  Time: 397.8s  LR: 2.09e-04
         Test → PSNR: 33.17  SSIM: 0.9196  SAM: 0.1876
                FreqAmpErr: 20.07467  LowFreqErr: 976.89940  HighFreqErr: 12.58511
[Epoch 148] Loss: 0.018932  Time: 397.9s  LR: 2.07e-04
         Test → PSNR: 33.15  SSIM: 0.9204  SAM: 0.1714
                FreqAmpErr: 20.23294  LowFreqErr: 960.25462  HighFreqErr: 12.87490
[Epoch 149] Loss: 0.018931  Time: 397.4s  LR: 2.05e-04
         Test → PSNR: 33.24  SSIM: 0.9202  SAM: 0.1746
                FreqAmpErr: 20.02290  LowFreqErr: 936.38005  HighFreqErr: 12.85010
  ★ 新最优: PSNR=33.24  SSIM=0.9202  → result/model/2026_05_04_17_36_59_h1_gamma_helm_pure/best.pth
[Epoch 150] Loss: 0.018715  Time: 398.0s  LR: 2.03e-04
         Test → PSNR: 33.19  SSIM: 0.9207  SAM: 0.1733
                FreqAmpErr: 19.15915  LowFreqErr: 922.50497  HighFreqErr: 12.08819
[Epoch 150] 当前时间: 5.5.10:15  预计结束: 5.6.2:53
[Epoch 151] Loss: 0.018894  Time: 397.6s  LR: 2.00e-04
         Test → PSNR: 33.23  SSIM: 0.9214  SAM: 0.1634
                FreqAmpErr: 19.30163  LowFreqErr: 893.73413  HighFreqErr: 12.45700
[Epoch 152] Loss: 0.018884  Time: 397.9s  LR: 1.98e-04
         Test → PSNR: 33.26  SSIM: 0.9204  SAM: 0.1774
                FreqAmpErr: 19.34156  LowFreqErr: 896.27686  HighFreqErr: 12.47733
  ★ 新最优: PSNR=33.26  SSIM=0.9204  → result/model/2026_05_04_17_36_59_h1_gamma_helm_pure/best.pth
[Epoch 153] Loss: 0.019244  Time: 397.9s  LR: 1.96e-04
         Test → PSNR: 33.21  SSIM: 0.9182  SAM: 0.1728
                FreqAmpErr: 19.48121  LowFreqErr: 922.66431  HighFreqErr: 12.41153
[Epoch 154] Loss: 0.018719  Time: 397.8s  LR: 1.94e-04
         Test → PSNR: 33.30  SSIM: 0.9221  SAM: 0.1693
                FreqAmpErr: 19.00112  LowFreqErr: 891.01351  HighFreqErr: 12.17543
  ★ 新最优: PSNR=33.30  SSIM=0.9221  → result/model/2026_05_04_17_36_59_h1_gamma_helm_pure/best.pth
[Epoch 155] Loss: 0.018704  Time: 398.1s  LR: 1.92e-04
         Test → PSNR: 33.24  SSIM: 0.9208  SAM: 0.1705
                FreqAmpErr: 19.61958  LowFreqErr: 920.48470  HighFreqErr: 12.56804
[Epoch 156] Loss: 0.018671  Time: 397.9s  LR: 1.90e-04
         Test → PSNR: 33.23  SSIM: 0.9211  SAM: 0.1720
                FreqAmpErr: 19.84336  LowFreqErr: 987.38353  HighFreqErr: 12.26993
[Epoch 157] Loss: 0.018861  Time: 397.7s  LR: 1.88e-04
         Test → PSNR: 33.28  SSIM: 0.9223  SAM: 0.1696
                FreqAmpErr: 19.04428  LowFreqErr: 906.53799  HighFreqErr: 12.09741
[Epoch 158] Loss: 0.018785  Time: 397.2s  LR: 1.86e-04
         Test → PSNR: 33.25  SSIM: 0.9205  SAM: 0.1629
                FreqAmpErr: 19.80487  LowFreqErr: 949.22509  HighFreqErr: 12.52982
[Epoch 159] Loss: 0.018697  Time: 396.9s  LR: 1.84e-04
         Test → PSNR: 33.29  SSIM: 0.9211  SAM: 0.1745
                FreqAmpErr: 19.56939  LowFreqErr: 921.87962  HighFreqErr: 12.50654
[Epoch 160] Loss: 0.018791  Time: 397.0s  LR: 1.82e-04
         Test → PSNR: 33.28  SSIM: 0.9224  SAM: 0.1768
                FreqAmpErr: 19.62232  LowFreqErr: 943.73572  HighFreqErr: 12.38881
[Epoch 161] Loss: 0.018858  Time: 397.4s  LR: 1.80e-04
         Test → PSNR: 33.24  SSIM: 0.9208  SAM: 0.1767
                FreqAmpErr: 19.21638  LowFreqErr: 907.99759  HighFreqErr: 12.25943
[Epoch 162] Loss: 0.018506  Time: 397.9s  LR: 1.78e-04
         Test → PSNR: 32.92  SSIM: 0.9020  SAM: 0.2666
                FreqAmpErr: 21.06815  LowFreqErr: 1162.60624  HighFreqErr: 12.13274
[Epoch 163] Loss: 0.018679  Time: 397.8s  LR: 1.75e-04
         Test → PSNR: 33.29  SSIM: 0.9213  SAM: 0.1861
                FreqAmpErr: 19.23884  LowFreqErr: 915.38784  HighFreqErr: 12.22421
[Epoch 164] Loss: 0.018643  Time: 396.9s  LR: 1.73e-04
         Test → PSNR: 33.32  SSIM: 0.9225  SAM: 0.1664
                FreqAmpErr: 19.30942  LowFreqErr: 896.37028  HighFreqErr: 12.44421
  ★ 新最优: PSNR=33.32  SSIM=0.9225  → result/model/2026_05_04_17_36_59_h1_gamma_helm_pure/best.pth
[Epoch 165] Loss: 0.018736  Time: 396.9s  LR: 1.71e-04
         Test → PSNR: 33.27  SSIM: 0.9197  SAM: 0.1575
                FreqAmpErr: 19.75565  LowFreqErr: 957.84251  HighFreqErr: 12.41276
[Epoch 166] Loss: 0.018603  Time: 398.0s  LR: 1.69e-04
         Test → PSNR: 33.23  SSIM: 0.9170  SAM: 0.1899
                FreqAmpErr: 19.53465  LowFreqErr: 944.23047  HighFreqErr: 12.29658
[Epoch 167] Loss: 0.018551  Time: 397.4s  LR: 1.67e-04
         Test → PSNR: 33.27  SSIM: 0.9215  SAM: 0.1783
                FreqAmpErr: 19.76433  LowFreqErr: 919.76308  HighFreqErr: 12.71958
[Epoch 168] Loss: 0.018298  Time: 397.9s  LR: 1.65e-04
         Test → PSNR: 33.20  SSIM: 0.9176  SAM: 0.1960
                FreqAmpErr: 19.16190  LowFreqErr: 899.74691  HighFreqErr: 12.26911
[Epoch 169] Loss: 0.018636  Time: 397.3s  LR: 1.63e-04
         Test → PSNR: 33.31  SSIM: 0.9210  SAM: 0.1892
                FreqAmpErr: 19.43525  LowFreqErr: 925.44863  HighFreqErr: 12.34341
[Epoch 170] Loss: 0.018402  Time: 397.7s  LR: 1.61e-04
         Test → PSNR: 33.31  SSIM: 0.9225  SAM: 0.1787
                FreqAmpErr: 18.94188  LowFreqErr: 910.26557  HighFreqErr: 11.96503
[Epoch 171] Loss: 0.018246  Time: 397.2s  LR: 1.59e-04
         Test → PSNR: 33.33  SSIM: 0.9180  SAM: 0.2060
                FreqAmpErr: 19.19146  LowFreqErr: 914.70828  HighFreqErr: 12.18178
  ★ 新最优: PSNR=33.33  SSIM=0.9180  → result/model/2026_05_04_17_36_59_h1_gamma_helm_pure/best.pth
[Epoch 172] Loss: 0.018535  Time: 397.3s  LR: 1.57e-04
         Test → PSNR: 33.36  SSIM: 0.9211  SAM: 0.1827
                FreqAmpErr: 19.02685  LowFreqErr: 892.84298  HighFreqErr: 12.18703
  ★ 新最优: PSNR=33.36  SSIM=0.9211  → result/model/2026_05_04_17_36_59_h1_gamma_helm_pure/best.pth
[Epoch 173] Loss: 0.018658  Time: 397.4s  LR: 1.55e-04
         Test → PSNR: 33.33  SSIM: 0.9221  SAM: 0.1826
                FreqAmpErr: 19.06792  LowFreqErr: 915.15320  HighFreqErr: 12.05379
[Epoch 174] Loss: 0.018602  Time: 397.6s  LR: 1.53e-04
         Test → PSNR: 33.32  SSIM: 0.9235  SAM: 0.1647
                FreqAmpErr: 19.29429  LowFreqErr: 913.30664  HighFreqErr: 12.29640
[Epoch 175] Loss: 0.018666  Time: 397.5s  LR: 1.51e-04
         Test → PSNR: 33.33  SSIM: 0.9238  SAM: 0.1707
                FreqAmpErr: 19.06941  LowFreqErr: 908.88366  HighFreqErr: 12.10437
[Epoch 176] Loss: 0.018167  Time: 399.3s  LR: 1.49e-04
         Test → PSNR: 33.26  SSIM: 0.9209  SAM: 0.1656
                FreqAmpErr: 19.80776  LowFreqErr: 952.24051  HighFreqErr: 12.50913
[Epoch 177] Loss: 0.018456  Time: 402.7s  LR: 1.47e-04
         Test → PSNR: 33.34  SSIM: 0.9231  SAM: 0.1766
                FreqAmpErr: 19.18764  LowFreqErr: 940.66940  HighFreqErr: 11.97472
[Epoch 178] Loss: 0.018511  Time: 403.5s  LR: 1.45e-04
         Test → PSNR: 33.37  SSIM: 0.9238  SAM: 0.1691
                FreqAmpErr: 18.80737  LowFreqErr: 889.58384  HighFreqErr: 11.99135
  ★ 新最优: PSNR=33.37  SSIM=0.9238  → result/model/2026_05_04_17_36_59_h1_gamma_helm_pure/best.pth
[Epoch 179] Loss: 0.018395  Time: 401.6s  LR: 1.43e-04
         Test → PSNR: 33.34  SSIM: 0.9229  SAM: 0.1702
                FreqAmpErr: 18.83627  LowFreqErr: 914.98597  HighFreqErr: 11.82164
[Epoch 180] Loss: 0.018777  Time: 399.8s  LR: 1.41e-04
         Test → PSNR: 33.44  SSIM: 0.9243  SAM: 0.1746
                FreqAmpErr: 18.36804  LowFreqErr: 865.04492  HighFreqErr: 11.74066
  ★ 新最优: PSNR=33.44  SSIM=0.9243  → result/model/2026_05_04_17_36_59_h1_gamma_helm_pure/best.pth
[Epoch 181] Loss: 0.018041  Time: 400.3s  LR: 1.39e-04
         Test → PSNR: 33.35  SSIM: 0.9222  SAM: 0.1716
                FreqAmpErr: 19.15378  LowFreqErr: 876.63896  HighFreqErr: 12.44180
[Epoch 182] Loss: 0.018351  Time: 402.5s  LR: 1.37e-04
         Test → PSNR: 33.42  SSIM: 0.9245  SAM: 0.1695
                FreqAmpErr: 18.66481  LowFreqErr: 866.05843  HighFreqErr: 12.03182
[Epoch 183] Loss: 0.018248  Time: 402.0s  LR: 1.35e-04
         Test → PSNR: 33.45  SSIM: 0.9245  SAM: 0.1702
                FreqAmpErr: 18.51855  LowFreqErr: 849.85708  HighFreqErr: 12.01123
  ★ 新最优: PSNR=33.45  SSIM=0.9245  → result/model/2026_05_04_17_36_59_h1_gamma_helm_pure/best.pth
[Epoch 184] Loss: 0.018031  Time: 402.3s  LR: 1.33e-04
         Test → PSNR: 33.45  SSIM: 0.9250  SAM: 0.1709
                FreqAmpErr: 18.46205  LowFreqErr: 859.78360  HighFreqErr: 11.87659
[Epoch 185] Loss: 0.018210  Time: 403.3s  LR: 1.31e-04
         Test → PSNR: 33.40  SSIM: 0.9227  SAM: 0.1657
                FreqAmpErr: 18.56846  LowFreqErr: 873.34291  HighFreqErr: 11.87770
[Epoch 186] Loss: 0.018175  Time: 401.0s  LR: 1.29e-04
         Test → PSNR: 33.45  SSIM: 0.9247  SAM: 0.1700
                FreqAmpErr: 18.66719  LowFreqErr: 858.15725  HighFreqErr: 12.09607
[Epoch 187] Loss: 0.018310  Time: 400.3s  LR: 1.27e-04
         Test → PSNR: 33.42  SSIM: 0.9241  SAM: 0.1721
                FreqAmpErr: 18.46235  LowFreqErr: 849.12368  HighFreqErr: 11.96033
[Epoch 188] Loss: 0.018113  Time: 401.9s  LR: 1.25e-04
         Test → PSNR: 33.44  SSIM: 0.9256  SAM: 0.1619
                FreqAmpErr: 18.46699  LowFreqErr: 856.09426  HighFreqErr: 11.91044
[Epoch 189] Loss: 0.018086  Time: 402.7s  LR: 1.23e-04
         Test → PSNR: 33.40  SSIM: 0.9249  SAM: 0.1601
                FreqAmpErr: 18.75231  LowFreqErr: 875.92349  HighFreqErr: 12.04279
[Epoch 190] Loss: 0.018064  Time: 401.7s  LR: 1.21e-04
         Test → PSNR: 33.27  SSIM: 0.9223  SAM: 0.1832
                FreqAmpErr: 20.11673  LowFreqErr: 1018.14101  HighFreqErr: 12.30468
[Epoch 191] Loss: 0.018164  Time: 401.4s  LR: 1.19e-04
         Test → PSNR: 33.43  SSIM: 0.9254  SAM: 0.1673
                FreqAmpErr: 19.05576  LowFreqErr: 910.94864  HighFreqErr: 12.07445
[Epoch 192] Loss: 0.018244  Time: 401.2s  LR: 1.17e-04
         Test → PSNR: 33.40  SSIM: 0.9240  SAM: 0.1615
                FreqAmpErr: 18.93661  LowFreqErr: 903.39374  HighFreqErr: 12.01350
[Epoch 193] Loss: 0.018056  Time: 400.6s  LR: 1.16e-04
         Test → PSNR: 33.39  SSIM: 0.9255  SAM: 0.1593
                FreqAmpErr: 18.69512  LowFreqErr: 911.92409  HighFreqErr: 11.70335
[Epoch 194] Loss: 0.017865  Time: 400.3s  LR: 1.14e-04
         Test → PSNR: 33.46  SSIM: 0.9219  SAM: 0.1656
                FreqAmpErr: 18.39553  LowFreqErr: 861.71115  HighFreqErr: 11.79446
  ★ 新最优: PSNR=33.46  SSIM=0.9219  → result/model/2026_05_04_17_36_59_h1_gamma_helm_pure/best.pth
[Epoch 195] Loss: 0.017970  Time: 403.8s  LR: 1.12e-04
         Test → PSNR: 33.49  SSIM: 0.9250  SAM: 0.1553
                FreqAmpErr: 18.44500  LowFreqErr: 855.37219  HighFreqErr: 11.89393
  ★ 新最优: PSNR=33.49  SSIM=0.9250  → result/model/2026_05_04_17_36_59_h1_gamma_helm_pure/best.pth
[Epoch 196] Loss: 0.017901  Time: 402.5s  LR: 1.10e-04
         Test → PSNR: 33.41  SSIM: 0.9248  SAM: 0.1693
                FreqAmpErr: 18.83978  LowFreqErr: 898.61247  HighFreqErr: 11.95334
[Epoch 197] Loss: 0.017927  Time: 401.6s  LR: 1.08e-04
         Test → PSNR: 33.44  SSIM: 0.9257  SAM: 0.1661
                FreqAmpErr: 18.43437  LowFreqErr: 883.44891  HighFreqErr: 11.66345
[Epoch 198] Loss: 0.018102  Time: 400.6s  LR: 1.06e-04
         Test → PSNR: 33.47  SSIM: 0.9250  SAM: 0.1786
                FreqAmpErr: 18.72322  LowFreqErr: 872.68684  HighFreqErr: 12.03880
[Epoch 199] Loss: 0.018074  Time: 400.6s  LR: 1.04e-04
         Test → PSNR: 33.47  SSIM: 0.9265  SAM: 0.1538
                FreqAmpErr: 18.58789  LowFreqErr: 894.52199  HighFreqErr: 11.73150
[Epoch 200] Loss: 0.017947  Time: 404.5s  LR: 1.03e-04
         Test → PSNR: 33.51  SSIM: 0.9260  SAM: 0.1672
                FreqAmpErr: 18.16771  LowFreqErr: 832.56014  HighFreqErr: 11.79304
  ★ 新最优: PSNR=33.51  SSIM=0.9260  → result/model/2026_05_04_17_36_59_h1_gamma_helm_pure/best.pth
[Epoch 200] 当前时间: 5.5.15:48  预计结束: 5.6.2:54
[Epoch 201] Loss: 0.017856  Time: 400.3s  LR: 1.01e-04
         Test → PSNR: 33.46  SSIM: 0.9256  SAM: 0.1649
                FreqAmpErr: 18.78902  LowFreqErr: 865.53105  HighFreqErr: 12.16113
[Epoch 202] Loss: 0.017892  Time: 399.9s  LR: 9.89e-05
         Test → PSNR: 33.47  SSIM: 0.9260  SAM: 0.1548
                FreqAmpErr: 18.43905  LowFreqErr: 869.26925  HighFreqErr: 11.77916
[Epoch 203] Loss: 0.017957  Time: 402.1s  LR: 9.72e-05
         Test → PSNR: 33.44  SSIM: 0.9247  SAM: 0.1733
                FreqAmpErr: 18.18970  LowFreqErr: 884.04370  HighFreqErr: 11.41221
[Epoch 204] Loss: 0.018102  Time: 405.4s  LR: 9.54e-05
         Test → PSNR: 33.50  SSIM: 0.9264  SAM: 0.1663
                FreqAmpErr: 18.07988  LowFreqErr: 850.31926  HighFreqErr: 11.56551
[Epoch 205] Loss: 0.017996  Time: 403.8s  LR: 9.36e-05
         Test → PSNR: 33.49  SSIM: 0.9255  SAM: 0.1779
                FreqAmpErr: 18.38986  LowFreqErr: 895.45362  HighFreqErr: 11.52463
[Epoch 206] Loss: 0.017938  Time: 407.4s  LR: 9.18e-05
         Test → PSNR: 33.50  SSIM: 0.9265  SAM: 0.1588
                FreqAmpErr: 18.72691  LowFreqErr: 875.88658  HighFreqErr: 12.01748
[Epoch 207] Loss: 0.017967  Time: 405.8s  LR: 9.01e-05
         Test → PSNR: 33.45  SSIM: 0.9259  SAM: 0.1626
                FreqAmpErr: 18.63764  LowFreqErr: 897.60869  HighFreqErr: 11.75748
[Epoch 208] Loss: 0.017870  Time: 405.1s  LR: 8.84e-05
         Test → PSNR: 33.56  SSIM: 0.9270  SAM: 0.1603
                FreqAmpErr: 18.21637  LowFreqErr: 847.79519  HighFreqErr: 11.72283
  ★ 新最优: PSNR=33.56  SSIM=0.9270  → result/model/2026_05_04_17_36_59_h1_gamma_helm_pure/best.pth
[Epoch 209] Loss: 0.017732  Time: 403.9s  LR: 8.66e-05
         Test → PSNR: 33.50  SSIM: 0.9262  SAM: 0.1648
                FreqAmpErr: 18.56403  LowFreqErr: 870.10051  HighFreqErr: 11.89861
[Epoch 210] Loss: 0.018135  Time: 405.2s  LR: 8.49e-05
         Test → PSNR: 33.52  SSIM: 0.9266  SAM: 0.1647
                FreqAmpErr: 18.12347  LowFreqErr: 842.66086  HighFreqErr: 11.66939
[Epoch 211] Loss: 0.018115  Time: 403.1s  LR: 8.32e-05
         Test → PSNR: 33.52  SSIM: 0.9250  SAM: 0.1735
                FreqAmpErr: 18.33993  LowFreqErr: 882.79951  HighFreqErr: 11.57336
[Epoch 212] Loss: 0.017889  Time: 404.7s  LR: 8.16e-05
         Test → PSNR: 33.51  SSIM: 0.9259  SAM: 0.1573
                FreqAmpErr: 18.23297  LowFreqErr: 840.99075  HighFreqErr: 11.79282
[Epoch 213] Loss: 0.017956  Time: 401.4s  LR: 7.99e-05
         Test → PSNR: 33.53  SSIM: 0.9271  SAM: 0.1627
                FreqAmpErr: 18.49119  LowFreqErr: 880.58485  HighFreqErr: 11.74314
[Epoch 214] Loss: 0.017836  Time: 402.6s  LR: 7.82e-05
         Test → PSNR: 33.53  SSIM: 0.9251  SAM: 0.1624
                FreqAmpErr: 18.33344  LowFreqErr: 862.81338  HighFreqErr: 11.72326
[Epoch 215] Loss: 0.017742  Time: 401.4s  LR: 7.66e-05
         Test → PSNR: 33.55  SSIM: 0.9268  SAM: 0.1616
                FreqAmpErr: 18.10604  LowFreqErr: 831.85799  HighFreqErr: 11.73638
[Epoch 216] Loss: 0.017905  Time: 401.9s  LR: 7.50e-05
         Test → PSNR: 33.57  SSIM: 0.9274  SAM: 0.1635
                FreqAmpErr: 18.06215  LowFreqErr: 844.60833  HighFreqErr: 11.59234
  ★ 新最优: PSNR=33.57  SSIM=0.9274  → result/model/2026_05_04_17_36_59_h1_gamma_helm_pure/best.pth
[Epoch 217] Loss: 0.017977  Time: 404.5s  LR: 7.33e-05
         Test → PSNR: 33.54  SSIM: 0.9252  SAM: 0.1777
                FreqAmpErr: 18.13276  LowFreqErr: 849.93842  HighFreqErr: 11.62178
[Epoch 218] Loss: 0.017588  Time: 404.2s  LR: 7.17e-05
         Test → PSNR: 33.53  SSIM: 0.9270  SAM: 0.1596
                FreqAmpErr: 18.10241  LowFreqErr: 870.58416  HighFreqErr: 11.42960
[Epoch 219] Loss: 0.017821  Time: 398.9s  LR: 7.01e-05
         Test → PSNR: 33.52  SSIM: 0.9274  SAM: 0.1594
                FreqAmpErr: 18.43026  LowFreqErr: 891.53509  HighFreqErr: 11.59601
[Epoch 220] Loss: 0.017940  Time: 397.7s  LR: 6.86e-05
         Test → PSNR: 33.57  SSIM: 0.9275  SAM: 0.1613
                FreqAmpErr: 18.01690  LowFreqErr: 840.23330  HighFreqErr: 11.58098
[Epoch 221] Loss: 0.017837  Time: 397.0s  LR: 6.70e-05
         Test → PSNR: 33.59  SSIM: 0.9277  SAM: 0.1526
                FreqAmpErr: 18.11290  LowFreqErr: 831.07943  HighFreqErr: 11.74939
  ★ 新最优: PSNR=33.59  SSIM=0.9277  → result/model/2026_05_04_17_36_59_h1_gamma_helm_pure/best.pth
[Epoch 222] Loss: 0.017872  Time: 397.8s  LR: 6.55e-05
         Test → PSNR: 33.58  SSIM: 0.9272  SAM: 0.1608
                FreqAmpErr: 17.93530  LowFreqErr: 821.84917  HighFreqErr: 11.64265
[Epoch 223] Loss: 0.017940  Time: 397.8s  LR: 6.39e-05
         Test → PSNR: 33.57  SSIM: 0.9273  SAM: 0.1629
                FreqAmpErr: 18.00537  LowFreqErr: 825.50214  HighFreqErr: 11.68468
[Epoch 224] Loss: 0.017813  Time: 397.8s  LR: 6.24e-05
         Test → PSNR: 33.55  SSIM: 0.9255  SAM: 0.1791
                FreqAmpErr: 17.99117  LowFreqErr: 848.28889  HighFreqErr: 11.49200
[Epoch 225] Loss: 0.017838  Time: 397.9s  LR: 6.09e-05
         Test → PSNR: 33.59  SSIM: 0.9280  SAM: 0.1581
                FreqAmpErr: 18.08554  LowFreqErr: 833.76062  HighFreqErr: 11.70083
[Epoch 226] Loss: 0.017901  Time: 397.6s  LR: 5.94e-05
         Test → PSNR: 33.55  SSIM: 0.9273  SAM: 0.1630
                FreqAmpErr: 18.28223  LowFreqErr: 869.07756  HighFreqErr: 11.62262
[Epoch 227] Loss: 0.017664  Time: 397.0s  LR: 5.80e-05
         Test → PSNR: 33.55  SSIM: 0.9272  SAM: 0.1590
                FreqAmpErr: 18.37889  LowFreqErr: 864.06717  HighFreqErr: 11.75925
[Epoch 228] Loss: 0.017617  Time: 397.8s  LR: 5.65e-05
         Test → PSNR: 33.58  SSIM: 0.9274  SAM: 0.1586
                FreqAmpErr: 17.92474  LowFreqErr: 837.83110  HighFreqErr: 11.50691
[Epoch 229] Loss: 0.017681  Time: 396.9s  LR: 5.51e-05
         Test → PSNR: 33.56  SSIM: 0.9275  SAM: 0.1585
                FreqAmpErr: 18.03498  LowFreqErr: 842.64861  HighFreqErr: 11.58031
[Epoch 230] Loss: 0.017574  Time: 397.8s  LR: 5.36e-05
         Test → PSNR: 33.58  SSIM: 0.9275  SAM: 0.1600
                FreqAmpErr: 17.92969  LowFreqErr: 823.76267  HighFreqErr: 11.62201
[Epoch 231] Loss: 0.017838  Time: 397.9s  LR: 5.22e-05
         Test → PSNR: 33.57  SSIM: 0.9278  SAM: 0.1614
                FreqAmpErr: 17.99376  LowFreqErr: 842.21179  HighFreqErr: 11.54218
[Epoch 232] Loss: 0.017567  Time: 397.6s  LR: 5.09e-05
         Test → PSNR: 33.60  SSIM: 0.9277  SAM: 0.1617
                FreqAmpErr: 18.01121  LowFreqErr: 843.29110  HighFreqErr: 11.55132
  ★ 新最优: PSNR=33.60  SSIM=0.9277  → result/model/2026_05_04_17_36_59_h1_gamma_helm_pure/best.pth
[Epoch 233] Loss: 0.017719  Time: 397.2s  LR: 4.95e-05
         Test → PSNR: 33.59  SSIM: 0.9271  SAM: 0.1602
                FreqAmpErr: 18.09000  LowFreqErr: 834.54153  HighFreqErr: 11.69921
[Epoch 234] Loss: 0.017801  Time: 397.2s  LR: 4.81e-05
         Test → PSNR: 33.61  SSIM: 0.9273  SAM: 0.1710
                FreqAmpErr: 17.74516  LowFreqErr: 822.58733  HighFreqErr: 11.44524
  ★ 新最优: PSNR=33.61  SSIM=0.9273  → result/model/2026_05_04_17_36_59_h1_gamma_helm_pure/best.pth
[Epoch 235] Loss: 0.017666  Time: 397.0s  LR: 4.68e-05
         Test → PSNR: 33.63  SSIM: 0.9281  SAM: 0.1597
                FreqAmpErr: 17.85220  LowFreqErr: 818.99933  HighFreqErr: 11.58121
  ★ 新最优: PSNR=33.63  SSIM=0.9281  → result/model/2026_05_04_17_36_59_h1_gamma_helm_pure/best.pth
[Epoch 236] Loss: 0.017751  Time: 397.3s  LR: 4.55e-05
         Test → PSNR: 33.62  SSIM: 0.9282  SAM: 0.1605
                FreqAmpErr: 17.97295  LowFreqErr: 828.96487  HighFreqErr: 11.62489
[Epoch 237] Loss: 0.017562  Time: 397.6s  LR: 4.42e-05
         Test → PSNR: 33.54  SSIM: 0.9276  SAM: 0.1632
                FreqAmpErr: 18.26234  LowFreqErr: 876.55608  HighFreqErr: 11.54403
[Epoch 238] Loss: 0.017630  Time: 397.1s  LR: 4.29e-05
         Test → PSNR: 33.57  SSIM: 0.9268  SAM: 0.1666
                FreqAmpErr: 18.34588  LowFreqErr: 863.42135  HighFreqErr: 11.73103
[Epoch 239] Loss: 0.017500  Time: 397.9s  LR: 4.16e-05
         Test → PSNR: 33.63  SSIM: 0.9288  SAM: 0.1563
                FreqAmpErr: 17.82322  LowFreqErr: 830.68211  HighFreqErr: 11.46055
[Epoch 240] Loss: 0.017533  Time: 397.2s  LR: 4.03e-05
         Test → PSNR: 33.61  SSIM: 0.9282  SAM: 0.1546
                FreqAmpErr: 17.83185  LowFreqErr: 834.69184  HighFreqErr: 11.43786
[Epoch 241] Loss: 0.017871  Time: 397.0s  LR: 3.91e-05
         Test → PSNR: 33.63  SSIM: 0.9282  SAM: 0.1612
                FreqAmpErr: 17.92813  LowFreqErr: 826.37448  HighFreqErr: 11.60000
  ★ 新最优: PSNR=33.63  SSIM=0.9282  → result/model/2026_05_04_17_36_59_h1_gamma_helm_pure/best.pth
[Epoch 242] Loss: 0.017592  Time: 397.2s  LR: 3.79e-05
         Test → PSNR: 33.63  SSIM: 0.9282  SAM: 0.1631
                FreqAmpErr: 17.90117  LowFreqErr: 843.67266  HighFreqErr: 11.43743
[Epoch 243] Loss: 0.017476  Time: 397.2s  LR: 3.67e-05
         Test → PSNR: 33.58  SSIM: 0.9278  SAM: 0.1651
                FreqAmpErr: 18.20303  LowFreqErr: 865.97300  HighFreqErr: 11.56710
[Epoch 244] Loss: 0.017752  Time: 396.7s  LR: 3.55e-05
         Test → PSNR: 33.61  SSIM: 0.9279  SAM: 0.1588
                FreqAmpErr: 18.07573  LowFreqErr: 840.02404  HighFreqErr: 11.64192
[Epoch 245] Loss: 0.017538  Time: 397.3s  LR: 3.43e-05
         Test → PSNR: 33.63  SSIM: 0.9278  SAM: 0.1588
                FreqAmpErr: 17.78924  LowFreqErr: 831.64083  HighFreqErr: 11.41880
[Epoch 246] Loss: 0.017491  Time: 397.4s  LR: 3.32e-05
         Test → PSNR: 33.62  SSIM: 0.9284  SAM: 0.1566
                FreqAmpErr: 17.81876  LowFreqErr: 823.99573  HighFreqErr: 11.50839
[Epoch 247] Loss: 0.017579  Time: 397.1s  LR: 3.21e-05
         Test → PSNR: 33.63  SSIM: 0.9283  SAM: 0.1660
                FreqAmpErr: 18.01929  LowFreqErr: 839.13362  HighFreqErr: 11.59200
[Epoch 248] Loss: 0.017665  Time: 396.8s  LR: 3.09e-05
         Test → PSNR: 33.66  SSIM: 0.9289  SAM: 0.1572
                FreqAmpErr: 17.52584  LowFreqErr: 795.59166  HighFreqErr: 11.43551
  ★ 新最优: PSNR=33.66  SSIM=0.9289  → result/model/2026_05_04_17_36_59_h1_gamma_helm_pure/best.pth
[Epoch 249] Loss: 0.017390  Time: 397.0s  LR: 2.99e-05
         Test → PSNR: 33.63  SSIM: 0.9285  SAM: 0.1556
                FreqAmpErr: 17.94570  LowFreqErr: 840.92011  HighFreqErr: 11.50385
[Epoch 250] Loss: 0.017507  Time: 397.5s  LR: 2.88e-05
         Test → PSNR: 33.65  SSIM: 0.9289  SAM: 0.1592
                FreqAmpErr: 17.69294  LowFreqErr: 822.34136  HighFreqErr: 11.39454
[Epoch 250] 当前时间: 5.5.21:21  预计结束: 5.6.2:54
[Epoch 251] Loss: 0.017542  Time: 396.9s  LR: 2.77e-05
         Test → PSNR: 33.63  SSIM: 0.9279  SAM: 0.1582
                FreqAmpErr: 17.83132  LowFreqErr: 827.07618  HighFreqErr: 11.49694
[Epoch 252] Loss: 0.017545  Time: 397.4s  LR: 2.67e-05
         Test → PSNR: 33.63  SSIM: 0.9286  SAM: 0.1608
                FreqAmpErr: 17.80840  LowFreqErr: 831.13679  HighFreqErr: 11.44205
[Epoch 253] Loss: 0.017594  Time: 397.5s  LR: 2.57e-05
         Test → PSNR: 33.64  SSIM: 0.9291  SAM: 0.1579
                FreqAmpErr: 17.75553  LowFreqErr: 824.12981  HighFreqErr: 11.44362
[Epoch 254] Loss: 0.017381  Time: 397.3s  LR: 2.47e-05
         Test → PSNR: 33.62  SSIM: 0.9281  SAM: 0.1610
                FreqAmpErr: 17.99709  LowFreqErr: 842.32899  HighFreqErr: 11.54462
[Epoch 255] Loss: 0.017612  Time: 396.4s  LR: 2.37e-05
         Test → PSNR: 33.63  SSIM: 0.9288  SAM: 0.1576
                FreqAmpErr: 17.76230  LowFreqErr: 832.33881  HighFreqErr: 11.38619
[Epoch 256] Loss: 0.017609  Time: 397.3s  LR: 2.27e-05
         Test → PSNR: 33.63  SSIM: 0.9285  SAM: 0.1604
                FreqAmpErr: 17.72652  LowFreqErr: 827.40115  HighFreqErr: 11.38877
[Epoch 257] Loss: 0.017538  Time: 397.4s  LR: 2.18e-05
         Test → PSNR: 33.62  SSIM: 0.9286  SAM: 0.1597
                FreqAmpErr: 17.89765  LowFreqErr: 831.00620  HighFreqErr: 11.53303
[Epoch 258] Loss: 0.017600  Time: 397.5s  LR: 2.09e-05
         Test → PSNR: 33.63  SSIM: 0.9285  SAM: 0.1610
                FreqAmpErr: 17.89964  LowFreqErr: 847.55584  HighFreqErr: 11.40549
[Epoch 259] Loss: 0.017488  Time: 397.2s  LR: 2.00e-05
         Test → PSNR: 33.63  SSIM: 0.9287  SAM: 0.1610
                FreqAmpErr: 17.91277  LowFreqErr: 830.01861  HighFreqErr: 11.55600
[Epoch 260] Loss: 0.017601  Time: 397.8s  LR: 1.91e-05
         Test → PSNR: 33.63  SSIM: 0.9288  SAM: 0.1602
                FreqAmpErr: 17.92863  LowFreqErr: 833.49112  HighFreqErr: 11.54480
[Epoch 261] Loss: 0.017544  Time: 397.1s  LR: 1.82e-05
         Test → PSNR: 33.63  SSIM: 0.9287  SAM: 0.1585
                FreqAmpErr: 17.78365  LowFreqErr: 829.19085  HighFreqErr: 11.43234
[Epoch 262] Loss: 0.017504  Time: 396.9s  LR: 1.74e-05
         Test → PSNR: 33.61  SSIM: 0.9287  SAM: 0.1571
                FreqAmpErr: 17.95561  LowFreqErr: 832.19672  HighFreqErr: 11.58213
[Epoch 263] Loss: 0.017528  Time: 397.0s  LR: 1.66e-05
         Test → PSNR: 33.63  SSIM: 0.9283  SAM: 0.1646
                FreqAmpErr: 17.77778  LowFreqErr: 824.58271  HighFreqErr: 11.46250
[Epoch 264] Loss: 0.017669  Time: 398.1s  LR: 1.58e-05
         Test → PSNR: 33.66  SSIM: 0.9289  SAM: 0.1571
                FreqAmpErr: 17.87468  LowFreqErr: 825.60916  HighFreqErr: 11.55212
[Epoch 265] Loss: 0.017391  Time: 397.4s  LR: 1.50e-05
         Test → PSNR: 33.65  SSIM: 0.9290  SAM: 0.1585
                FreqAmpErr: 17.68065  LowFreqErr: 829.80330  HighFreqErr: 11.32374
[Epoch 266] Loss: 0.017504  Time: 397.1s  LR: 1.43e-05
         Test → PSNR: 33.64  SSIM: 0.9285  SAM: 0.1609
                FreqAmpErr: 17.84103  LowFreqErr: 827.74445  HighFreqErr: 11.50150
[Epoch 267] Loss: 0.017124  Time: 397.4s  LR: 1.35e-05
         Test → PSNR: 33.65  SSIM: 0.9287  SAM: 0.1618
                FreqAmpErr: 17.74290  LowFreqErr: 828.05833  HighFreqErr: 11.40014
[Epoch 268] Loss: 0.017451  Time: 397.3s  LR: 1.28e-05
         Test → PSNR: 33.66  SSIM: 0.9290  SAM: 0.1599
                FreqAmpErr: 17.83237  LowFreqErr: 831.55295  HighFreqErr: 11.46295
[Epoch 269] Loss: 0.017431  Time: 397.3s  LR: 1.21e-05
         Test → PSNR: 33.66  SSIM: 0.9289  SAM: 0.1588
                FreqAmpErr: 17.69563  LowFreqErr: 819.83464  HighFreqErr: 11.41687
[Epoch 270] Loss: 0.017373  Time: 396.6s  LR: 1.14e-05
         Test → PSNR: 33.67  SSIM: 0.9291  SAM: 0.1578
                FreqAmpErr: 17.71574  LowFreqErr: 820.22451  HighFreqErr: 11.43409
  ★ 新最优: PSNR=33.67  SSIM=0.9291  → result/model/2026_05_04_17_36_59_h1_gamma_helm_pure/best.pth
[Epoch 271] Loss: 0.017368  Time: 397.0s  LR: 1.08e-05
         Test → PSNR: 33.65  SSIM: 0.9290  SAM: 0.1593
                FreqAmpErr: 17.73510  LowFreqErr: 829.69928  HighFreqErr: 11.37944
[Epoch 272] Loss: 0.017505  Time: 396.7s  LR: 1.01e-05
         Test → PSNR: 33.68  SSIM: 0.9295  SAM: 0.1559
                FreqAmpErr: 17.60341  LowFreqErr: 811.95455  HighFreqErr: 11.38562
  ★ 新最优: PSNR=33.68  SSIM=0.9295  → result/model/2026_05_04_17_36_59_h1_gamma_helm_pure/best.pth
[Epoch 273] Loss: 0.017614  Time: 397.1s  LR: 9.51e-06
         Test → PSNR: 33.65  SSIM: 0.9293  SAM: 0.1575
                FreqAmpErr: 17.84233  LowFreqErr: 830.86453  HighFreqErr: 11.47838
[Epoch 274] Loss: 0.017186  Time: 396.5s  LR: 8.92e-06
         Test → PSNR: 33.66  SSIM: 0.9292  SAM: 0.1554
                FreqAmpErr: 17.78035  LowFreqErr: 817.64659  HighFreqErr: 11.51938
[Epoch 275] Loss: 0.017367  Time: 397.0s  LR: 8.35e-06
         Test → PSNR: 33.67  SSIM: 0.9292  SAM: 0.1585
                FreqAmpErr: 17.70237  LowFreqErr: 821.74673  HighFreqErr: 11.40870
[Epoch 276] Loss: 0.017569  Time: 396.9s  LR: 7.80e-06
         Test → PSNR: 33.65  SSIM: 0.9290  SAM: 0.1584
                FreqAmpErr: 17.73640  LowFreqErr: 825.64699  HighFreqErr: 11.41246
[Epoch 277] Loss: 0.017519  Time: 397.1s  LR: 7.27e-06
         Test → PSNR: 33.65  SSIM: 0.9290  SAM: 0.1592
                FreqAmpErr: 17.80839  LowFreqErr: 834.61561  HighFreqErr: 11.41482
[Epoch 278] Loss: 0.017607  Time: 396.7s  LR: 6.76e-06
         Test → PSNR: 33.65  SSIM: 0.9291  SAM: 0.1587
                FreqAmpErr: 17.78867  LowFreqErr: 831.10754  HighFreqErr: 11.42240
[Epoch 279] Loss: 0.017237  Time: 396.9s  LR: 6.27e-06
         Test → PSNR: 33.66  SSIM: 0.9292  SAM: 0.1582
                FreqAmpErr: 17.71014  LowFreqErr: 827.77779  HighFreqErr: 11.36932
[Epoch 280] Loss: 0.017628  Time: 396.9s  LR: 5.80e-06
         Test → PSNR: 33.67  SSIM: 0.9291  SAM: 0.1599
                FreqAmpErr: 17.63190  LowFreqErr: 818.19686  HighFreqErr: 11.36546
[Epoch 281] Loss: 0.017207  Time: 397.2s  LR: 5.36e-06
         Test → PSNR: 33.66  SSIM: 0.9291  SAM: 0.1575
                FreqAmpErr: 17.81367  LowFreqErr: 829.07972  HighFreqErr: 11.46347
[Epoch 282] Loss: 0.017311  Time: 397.1s  LR: 4.94e-06
         Test → PSNR: 33.67  SSIM: 0.9292  SAM: 0.1574
                FreqAmpErr: 17.64475  LowFreqErr: 818.46317  HighFreqErr: 11.37633
[Epoch 283] Loss: 0.017174  Time: 396.9s  LR: 4.53e-06
         Test → PSNR: 33.68  SSIM: 0.9292  SAM: 0.1568
                FreqAmpErr: 17.71291  LowFreqErr: 821.67128  HighFreqErr: 11.41991
[Epoch 284] Loss: 0.017357  Time: 397.9s  LR: 4.15e-06
         Test → PSNR: 33.67  SSIM: 0.9292  SAM: 0.1597
                FreqAmpErr: 17.62826  LowFreqErr: 823.39971  HighFreqErr: 11.32107
[Epoch 285] Loss: 0.017311  Time: 397.0s  LR: 3.79e-06
         Test → PSNR: 33.68  SSIM: 0.9294  SAM: 0.1582
                FreqAmpErr: 17.71013  LowFreqErr: 820.94807  HighFreqErr: 11.42277
  ★ 新最优: PSNR=33.68  SSIM=0.9294  → result/model/2026_05_04_17_36_59_h1_gamma_helm_pure/best.pth
[Epoch 286] Loss: 0.017201  Time: 397.4s  LR: 3.46e-06
         Test → PSNR: 33.67  SSIM: 0.9293  SAM: 0.1591
                FreqAmpErr: 17.67566  LowFreqErr: 824.18199  HighFreqErr: 11.36272
[Epoch 287] Loss: 0.017353  Time: 397.2s  LR: 3.14e-06
         Test → PSNR: 33.67  SSIM: 0.9292  SAM: 0.1575
                FreqAmpErr: 17.76417  LowFreqErr: 823.39796  HighFreqErr: 11.45805
[Epoch 288] Loss: 0.017416  Time: 397.4s  LR: 2.85e-06
         Test → PSNR: 33.68  SSIM: 0.9294  SAM: 0.1565
                FreqAmpErr: 17.70332  LowFreqErr: 816.37357  HighFreqErr: 11.45171
[Epoch 289] Loss: 0.017501  Time: 397.0s  LR: 2.57e-06
         Test → PSNR: 33.68  SSIM: 0.9293  SAM: 0.1575
                FreqAmpErr: 17.65540  LowFreqErr: 817.24870  HighFreqErr: 11.39657
[Epoch 290] Loss: 0.017439  Time: 397.5s  LR: 2.32e-06
         Test → PSNR: 33.67  SSIM: 0.9293  SAM: 0.1580
                FreqAmpErr: 17.67097  LowFreqErr: 821.69704  HighFreqErr: 11.37744
[Epoch 291] Loss: 0.017354  Time: 397.6s  LR: 2.09e-06
         Test → PSNR: 33.67  SSIM: 0.9293  SAM: 0.1563
                FreqAmpErr: 17.71808  LowFreqErr: 823.57967  HighFreqErr: 11.41018
[Epoch 292] Loss: 0.017323  Time: 396.7s  LR: 1.89e-06
         Test → PSNR: 33.67  SSIM: 0.9293  SAM: 0.1576
                FreqAmpErr: 17.66970  LowFreqErr: 820.08019  HighFreqErr: 11.38881
[Epoch 293] Loss: 0.017497  Time: 397.4s  LR: 1.70e-06
         Test → PSNR: 33.67  SSIM: 0.9294  SAM: 0.1562
                FreqAmpErr: 17.67758  LowFreqErr: 819.27077  HighFreqErr: 11.40309
[Epoch 294] Loss: 0.017382  Time: 396.7s  LR: 1.54e-06
         Test → PSNR: 33.68  SSIM: 0.9293  SAM: 0.1573
                FreqAmpErr: 17.66206  LowFreqErr: 816.42324  HighFreqErr: 11.40974
[Epoch 295] Loss: 0.017273  Time: 397.3s  LR: 1.39e-06
         Test → PSNR: 33.67  SSIM: 0.9293  SAM: 0.1576
                FreqAmpErr: 17.68088  LowFreqErr: 819.27515  HighFreqErr: 11.40638
[Epoch 296] Loss: 0.017387  Time: 397.5s  LR: 1.27e-06
         Test → PSNR: 33.67  SSIM: 0.9293  SAM: 0.1572
                FreqAmpErr: 17.64978  LowFreqErr: 814.89284  HighFreqErr: 11.40934
[Epoch 297] Loss: 0.017279  Time: 397.1s  LR: 1.17e-06
         Test → PSNR: 33.67  SSIM: 0.9293  SAM: 0.1580
                FreqAmpErr: 17.66036  LowFreqErr: 818.14059  HighFreqErr: 11.39459
[Epoch 298] Loss: 0.017529  Time: 396.7s  LR: 1.10e-06
         Test → PSNR: 33.67  SSIM: 0.9293  SAM: 0.1574
                FreqAmpErr: 17.67581  LowFreqErr: 819.66876  HighFreqErr: 11.39820
[Epoch 299] Loss: 0.017283  Time: 397.6s  LR: 1.04e-06
         Test → PSNR: 33.67  SSIM: 0.9293  SAM: 0.1575
                FreqAmpErr: 17.67266  LowFreqErr: 818.82700  HighFreqErr: 11.40161
[Epoch 300] Loss: 0.017138  Time: 396.6s  LR: 1.01e-06
         Test → PSNR: 33.68  SSIM: 0.9293  SAM: 0.1572
                FreqAmpErr: 17.65252  LowFreqErr: 815.62635  HighFreqErr: 11.40636
[Epoch 300] 当前时间: 5.6.2:52  预计结束: 5.6.2:52
(/data5/SCI/zhangwenjie/zwj) [01;32mliulei@inspur-NF5468M5[00m:[01;34m/data5/SCI/xieweijie/CASSI[00m$ [K(/data5/SCI/zhangwenjie/zwj) [01;32mliulei@inspur-NF5468M5[00m:[01;34m/data5/SCI/xieweijie/CASSI[00m$ 